{"C:\\Users\\schwa\\Documents\\Repositories\\Ro-Co\\frontend\\src\\auth\\ProtectedRoutes.jsx": {"path":"C:\\Users\\schwa\\Documents\\Repositories\\Ro-Co\\frontend\\src\\auth\\ProtectedRoutes.jsx","all":false,"statementMap":{"0":{"start":{"line":1,"column":0},"end":{"line":1,"column":26}},"1":{"start":{"line":2,"column":0},"end":{"line":2,"column":63}},"2":{"start":{"line":3,"column":0},"end":{"line":3,"column":72}},"9":{"start":{"line":10,"column":0},"end":{"line":10,"column":31}},"10":{"start":{"line":11,"column":0},"end":{"line":11,"column":48}},"11":{"start":{"line":12,"column":0},"end":{"line":12,"column":35}},"13":{"start":{"line":14,"column":0},"end":{"line":14,"column":26}},"14":{"start":{"line":15,"column":0},"end":{"line":15,"column":59}},"15":{"start":{"line":16,"column":0},"end":{"line":16,"column":12}},"16":{"start":{"line":17,"column":0},"end":{"line":17,"column":74}},"17":{"start":{"line":18,"column":0},"end":{"line":18,"column":5}},"19":{"start":{"line":20,"column":0},"end":{"line":20,"column":1}},"21":{"start":{"line":22,"column":0},"end":{"line":22,"column":30}}},"s":{"0":1,"1":1,"2":1,"9":1,"10":2,"11":2,"13":2,"14":1,"15":1,"16":1,"17":1,"19":2,"21":1},"branchMap":{"0":{"type":"branch","line":10,"loc":{"start":{"line":10,"column":24},"end":{"line":20,"column":1}},"locations":[{"start":{"line":10,"column":24},"end":{"line":20,"column":1}}]},"1":{"type":"branch","line":14,"loc":{"start":{"line":14,"column":25},"end":{"line":18,"column":5}},"locations":[{"start":{"line":14,"column":25},"end":{"line":18,"column":5}}]}},"b":{"0":[2],"1":[1]},"fnMap":{"0":{"name":"ProtectedRoutes","decl":{"start":{"line":10,"column":24},"end":{"line":20,"column":1}},"loc":{"start":{"line":10,"column":24},"end":{"line":20,"column":1}},"line":10}},"f":{"0":2}}
,"C:\\Users\\schwa\\Documents\\Repositories\\Ro-Co\\frontend\\src\\auth\\refresh.js": {"path":"C:\\Users\\schwa\\Documents\\Repositories\\Ro-Co\\frontend\\src\\auth\\refresh.js","all":false,"statementMap":{"0":{"start":{"line":1,"column":0},"end":{"line":1,"column":74}},"1":{"start":{"line":2,"column":0},"end":{"line":2,"column":38}},"2":{"start":{"line":3,"column":0},"end":{"line":3,"column":0}},"3":{"start":{"line":4,"column":0},"end":{"line":4,"column":3}},"4":{"start":{"line":5,"column":0},"end":{"line":5,"column":57}},"5":{"start":{"line":6,"column":0},"end":{"line":6,"column":71}},"6":{"start":{"line":7,"column":0},"end":{"line":7,"column":27}},"7":{"start":{"line":8,"column":0},"end":{"line":8,"column":3}},"8":{"start":{"line":9,"column":0},"end":{"line":9,"column":23}},"9":{"start":{"line":10,"column":0},"end":{"line":10,"column":86}},"10":{"start":{"line":11,"column":0},"end":{"line":11,"column":28}},"11":{"start":{"line":12,"column":0},"end":{"line":12,"column":1}},"12":{"start":{"line":13,"column":0},"end":{"line":13,"column":22}},"13":{"start":{"line":14,"column":0},"end":{"line":14,"column":0}},"14":{"start":{"line":15,"column":0},"end":{"line":15,"column":3}},"15":{"start":{"line":16,"column":0},"end":{"line":16,"column":56}},"16":{"start":{"line":17,"column":0},"end":{"line":17,"column":24}},"17":{"start":{"line":18,"column":0},"end":{"line":18,"column":29}},"18":{"start":{"line":19,"column":0},"end":{"line":19,"column":3}},"19":{"start":{"line":20,"column":0},"end":{"line":20,"column":49}},"20":{"start":{"line":21,"column":0},"end":{"line":21,"column":9}},"21":{"start":{"line":22,"column":0},"end":{"line":22,"column":66}},"22":{"start":{"line":23,"column":0},"end":{"line":23,"column":72}},"23":{"start":{"line":24,"column":0},"end":{"line":24,"column":11}},"24":{"start":{"line":25,"column":0},"end":{"line":25,"column":0}},"25":{"start":{"line":26,"column":0},"end":{"line":26,"column":16}},"26":{"start":{"line":27,"column":0},"end":{"line":27,"column":28}},"27":{"start":{"line":28,"column":0},"end":{"line":28,"column":47}},"28":{"start":{"line":29,"column":0},"end":{"line":29,"column":64}},"29":{"start":{"line":30,"column":0},"end":{"line":30,"column":74}},"30":{"start":{"line":31,"column":0},"end":{"line":31,"column":10}},"31":{"start":{"line":32,"column":0},"end":{"line":32,"column":21}},"32":{"start":{"line":33,"column":0},"end":{"line":33,"column":29}},"33":{"start":{"line":34,"column":0},"end":{"line":34,"column":16}},"34":{"start":{"line":35,"column":0},"end":{"line":35,"column":28}},"35":{"start":{"line":36,"column":0},"end":{"line":36,"column":10}},"36":{"start":{"line":37,"column":0},"end":{"line":37,"column":5}},"37":{"start":{"line":38,"column":0},"end":{"line":38,"column":1}},"38":{"start":{"line":39,"column":0},"end":{"line":39,"column":0}},"39":{"start":{"line":40,"column":0},"end":{"line":40,"column":31}},"40":{"start":{"line":41,"column":0},"end":{"line":41,"column":32}},"41":{"start":{"line":42,"column":0},"end":{"line":42,"column":22}},"42":{"start":{"line":43,"column":0},"end":{"line":43,"column":3}},"43":{"start":{"line":44,"column":0},"end":{"line":44,"column":0}},"44":{"start":{"line":45,"column":0},"end":{"line":45,"column":23}}},"s":{"0":1,"1":1,"2":1,"3":1,"4":1,"5":1,"6":1,"7":1,"8":2,"9":2,"10":2,"11":2,"12":1,"13":1,"14":1,"15":1,"16":1,"17":1,"18":1,"19":1,"20":2,"21":2,"22":2,"23":2,"24":1,"25":1,"26":1,"27":2,"28":2,"29":2,"30":2,"31":2,"32":1,"33":1,"34":1,"35":1,"36":1,"37":2,"38":1,"39":1,"40":1,"41":1,"42":1,"43":1,"44":1},"branchMap":{"0":{"type":"branch","line":9,"loc":{"start":{"line":9,"column":0},"end":{"line":12,"column":1}},"locations":[{"start":{"line":9,"column":0},"end":{"line":12,"column":1}}]},"1":{"type":"branch","line":11,"loc":{"start":{"line":11,"column":13},"end":{"line":11,"column":22}},"locations":[{"start":{"line":11,"column":13},"end":{"line":11,"column":22}}]},"2":{"type":"branch","line":11,"loc":{"start":{"line":11,"column":23},"end":{"line":11,"column":27}},"locations":[{"start":{"line":11,"column":23},"end":{"line":11,"column":27}}]},"3":{"type":"branch","line":20,"loc":{"start":{"line":20,"column":7},"end":{"line":38,"column":1}},"locations":[{"start":{"line":20,"column":7},"end":{"line":38,"column":1}}]},"4":{"type":"branch","line":25,"loc":{"start":{"line":25,"column":-2},"end":{"line":28,"column":46}},"locations":[{"start":{"line":25,"column":-2},"end":{"line":28,"column":46}}]},"5":{"type":"branch","line":29,"loc":{"start":{"line":29,"column":47},"end":{"line":29,"column":63}},"locations":[{"start":{"line":29,"column":47},"end":{"line":29,"column":63}}]},"6":{"type":"branch","line":30,"loc":{"start":{"line":30,"column":51},"end":{"line":30,"column":74}},"locations":[{"start":{"line":30,"column":51},"end":{"line":30,"column":74}}]},"7":{"type":"branch","line":32,"loc":{"start":{"line":32,"column":6},"end":{"line":37,"column":5}},"locations":[{"start":{"line":32,"column":6},"end":{"line":37,"column":5}}]}},"b":{"0":[2],"1":[1],"2":[1],"3":[2],"4":[1],"5":[1],"6":[1],"7":[1]},"fnMap":{"0":{"name":"getRefresh","decl":{"start":{"line":9,"column":0},"end":{"line":12,"column":1}},"loc":{"start":{"line":9,"column":0},"end":{"line":12,"column":1}},"line":9},"1":{"name":"refreshApiCallback","decl":{"start":{"line":20,"column":7},"end":{"line":38,"column":1}},"loc":{"start":{"line":20,"column":7},"end":{"line":38,"column":1}},"line":20}},"f":{"0":2,"1":2}}
,"C:\\Users\\schwa\\Documents\\Repositories\\Ro-Co\\frontend\\src\\component\\answer.jsx": {"path":"C:\\Users\\schwa\\Documents\\Repositories\\Ro-Co\\frontend\\src\\component\\answer.jsx","all":false,"statementMap":{"0":{"start":{"line":1,"column":0},"end":{"line":1,"column":49}},"1":{"start":{"line":2,"column":0},"end":{"line":2,"column":44}},"2":{"start":{"line":3,"column":0},"end":{"line":3,"column":36}},"3":{"start":{"line":4,"column":0},"end":{"line":4,"column":56}},"4":{"start":{"line":5,"column":0},"end":{"line":5,"column":45}},"5":{"start":{"line":6,"column":0},"end":{"line":6,"column":57}},"6":{"start":{"line":7,"column":0},"end":{"line":7,"column":63}},"7":{"start":{"line":8,"column":0},"end":{"line":8,"column":63}},"8":{"start":{"line":9,"column":0},"end":{"line":9,"column":58}},"9":{"start":{"line":10,"column":0},"end":{"line":10,"column":59}},"21":{"start":{"line":22,"column":0},"end":{"line":22,"column":82}},"22":{"start":{"line":23,"column":0},"end":{"line":23,"column":35}},"23":{"start":{"line":24,"column":0},"end":{"line":24,"column":33}},"24":{"start":{"line":25,"column":0},"end":{"line":25,"column":39}},"25":{"start":{"line":26,"column":0},"end":{"line":26,"column":30}},"27":{"start":{"line":28,"column":0},"end":{"line":28,"column":59}},"32":{"start":{"line":33,"column":0},"end":{"line":33,"column":21}},"34":{"start":{"line":35,"column":0},"end":{"line":35,"column":18}},"35":{"start":{"line":36,"column":0},"end":{"line":36,"column":43}},"36":{"start":{"line":37,"column":0},"end":{"line":37,"column":13}},"37":{"start":{"line":38,"column":0},"end":{"line":38,"column":92}},"38":{"start":{"line":39,"column":0},"end":{"line":39,"column":37}},"39":{"start":{"line":40,"column":0},"end":{"line":40,"column":13}},"40":{"start":{"line":41,"column":0},"end":{"line":41,"column":30}},"41":{"start":{"line":42,"column":0},"end":{"line":42,"column":42}},"42":{"start":{"line":43,"column":0},"end":{"line":43,"column":56}},"43":{"start":{"line":44,"column":0},"end":{"line":44,"column":13}},"45":{"start":{"line":46,"column":0},"end":{"line":46,"column":78}},"46":{"start":{"line":47,"column":0},"end":{"line":47,"column":55}},"47":{"start":{"line":48,"column":0},"end":{"line":48,"column":38}},"48":{"start":{"line":49,"column":0},"end":{"line":49,"column":30}},"49":{"start":{"line":50,"column":0},"end":{"line":50,"column":68}},"50":{"start":{"line":51,"column":0},"end":{"line":51,"column":11}},"52":{"start":{"line":53,"column":0},"end":{"line":53,"column":17}},"60":{"start":{"line":61,"column":0},"end":{"line":61,"column":46}},"61":{"start":{"line":62,"column":0},"end":{"line":62,"column":13}},"62":{"start":{"line":63,"column":0},"end":{"line":63,"column":72}},"63":{"start":{"line":64,"column":0},"end":{"line":64,"column":57}},"64":{"start":{"line":65,"column":0},"end":{"line":65,"column":38}},"65":{"start":{"line":66,"column":0},"end":{"line":66,"column":15}},"67":{"start":{"line":68,"column":0},"end":{"line":68,"column":42}},"68":{"start":{"line":69,"column":0},"end":{"line":69,"column":35}},"69":{"start":{"line":70,"column":0},"end":{"line":70,"column":20}},"70":{"start":{"line":71,"column":0},"end":{"line":71,"column":60}},"71":{"start":{"line":72,"column":0},"end":{"line":72,"column":13}},"72":{"start":{"line":73,"column":0},"end":{"line":73,"column":25}},"73":{"start":{"line":74,"column":0},"end":{"line":74,"column":68}},"74":{"start":{"line":75,"column":0},"end":{"line":75,"column":9}},"75":{"start":{"line":76,"column":0},"end":{"line":76,"column":6}},"77":{"start":{"line":78,"column":0},"end":{"line":78,"column":12}},"78":{"start":{"line":79,"column":0},"end":{"line":79,"column":10}},"79":{"start":{"line":80,"column":0},"end":{"line":80,"column":102}},"80":{"start":{"line":81,"column":0},"end":{"line":81,"column":82}},"81":{"start":{"line":82,"column":0},"end":{"line":82,"column":56}},"82":{"start":{"line":83,"column":0},"end":{"line":83,"column":28}},"83":{"start":{"line":84,"column":0},"end":{"line":84,"column":46}},"84":{"start":{"line":85,"column":0},"end":{"line":85,"column":45}},"85":{"start":{"line":86,"column":0},"end":{"line":86,"column":54}},"86":{"start":{"line":87,"column":0},"end":{"line":87,"column":69}},"87":{"start":{"line":88,"column":0},"end":{"line":88,"column":26}},"88":{"start":{"line":89,"column":0},"end":{"line":89,"column":46}},"89":{"start":{"line":90,"column":0},"end":{"line":90,"column":76}},"90":{"start":{"line":91,"column":0},"end":{"line":91,"column":37}},"91":{"start":{"line":92,"column":0},"end":{"line":92,"column":87}},"92":{"start":{"line":93,"column":0},"end":{"line":93,"column":91}},"93":{"start":{"line":94,"column":0},"end":{"line":94,"column":38}},"94":{"start":{"line":95,"column":0},"end":{"line":95,"column":34}},"95":{"start":{"line":96,"column":0},"end":{"line":96,"column":30}},"96":{"start":{"line":97,"column":0},"end":{"line":97,"column":26}},"97":{"start":{"line":98,"column":0},"end":{"line":98,"column":48}},"98":{"start":{"line":99,"column":0},"end":{"line":99,"column":31}},"99":{"start":{"line":100,"column":0},"end":{"line":100,"column":71}},"100":{"start":{"line":101,"column":0},"end":{"line":101,"column":41}},"101":{"start":{"line":102,"column":0},"end":{"line":102,"column":60}},"102":{"start":{"line":103,"column":0},"end":{"line":103,"column":60}},"104":{"start":{"line":105,"column":0},"end":{"line":105,"column":106}},"105":{"start":{"line":106,"column":0},"end":{"line":106,"column":33}},"108":{"start":{"line":109,"column":0},"end":{"line":109,"column":22}},"110":{"start":{"line":111,"column":0},"end":{"line":111,"column":36}},"111":{"start":{"line":112,"column":0},"end":{"line":112,"column":33}},"112":{"start":{"line":113,"column":0},"end":{"line":113,"column":20}},"114":{"start":{"line":115,"column":0},"end":{"line":115,"column":18}},"116":{"start":{"line":117,"column":0},"end":{"line":117,"column":11}},"118":{"start":{"line":119,"column":0},"end":{"line":119,"column":1}},"120":{"start":{"line":121,"column":0},"end":{"line":121,"column":22}}},"s":{"0":1,"1":1,"2":1,"3":1,"4":1,"5":1,"6":1,"7":1,"8":1,"9":1,"21":1,"22":30,"23":30,"24":30,"25":30,"27":30,"32":30,"34":27,"35":27,"36":27,"37":27,"38":27,"39":27,"40":27,"41":4,"42":0,"43":0,"45":4,"46":4,"47":4,"48":27,"49":23,"50":27,"52":30,"60":30,"61":3,"62":3,"63":3,"64":3,"65":3,"67":3,"68":1,"69":1,"70":1,"71":1,"72":3,"73":2,"74":2,"75":3,"77":30,"78":30,"79":30,"80":30,"81":30,"82":30,"83":30,"84":30,"85":30,"86":30,"87":30,"88":30,"89":30,"90":30,"91":30,"92":30,"93":30,"94":30,"95":30,"96":30,"97":30,"98":9,"99":9,"100":9,"101":9,"102":9,"104":9,"105":9,"108":30,"110":30,"111":30,"112":30,"114":30,"116":30,"118":30,"120":1},"branchMap":{"0":{"type":"branch","line":22,"loc":{"start":{"line":22,"column":15},"end":{"line":119,"column":1}},"locations":[{"start":{"line":22,"column":15},"end":{"line":119,"column":1}}]},"1":{"type":"branch","line":98,"loc":{"start":{"line":98,"column":42},"end":{"line":106,"column":33}},"locations":[{"start":{"line":98,"column":42},"end":{"line":106,"column":33}}]},"2":{"type":"branch","line":33,"loc":{"start":{"line":33,"column":14},"end":{"line":53,"column":7}},"locations":[{"start":{"line":33,"column":14},"end":{"line":53,"column":7}}]},"3":{"type":"branch","line":41,"loc":{"start":{"line":41,"column":15},"end":{"line":49,"column":9}},"locations":[{"start":{"line":41,"column":15},"end":{"line":49,"column":9}}]},"4":{"type":"branch","line":42,"loc":{"start":{"line":42,"column":41},"end":{"line":44,"column":13}},"locations":[{"start":{"line":42,"column":41},"end":{"line":44,"column":13}}]},"5":{"type":"branch","line":49,"loc":{"start":{"line":49,"column":18},"end":{"line":51,"column":9}},"locations":[{"start":{"line":49,"column":18},"end":{"line":51,"column":9}}]},"6":{"type":"branch","line":61,"loc":{"start":{"line":61,"column":25},"end":{"line":76,"column":6}},"locations":[{"start":{"line":61,"column":25},"end":{"line":76,"column":6}}]},"7":{"type":"branch","line":66,"loc":{"start":{"line":66,"column":13},"end":{"line":68,"column":41}},"locations":[{"start":{"line":66,"column":13},"end":{"line":68,"column":41}}]},"8":{"type":"branch","line":68,"loc":{"start":{"line":68,"column":41},"end":{"line":72,"column":13}},"locations":[{"start":{"line":68,"column":41},"end":{"line":72,"column":13}}]},"9":{"type":"branch","line":73,"loc":{"start":{"line":73,"column":8},"end":{"line":75,"column":9}},"locations":[{"start":{"line":73,"column":8},"end":{"line":75,"column":9}}]},"10":{"type":"branch","line":103,"loc":{"start":{"line":103,"column":37},"end":{"line":103,"column":60}},"locations":[{"start":{"line":103,"column":37},"end":{"line":103,"column":60}}]}},"b":{"0":[30],"1":[9],"2":[27],"3":[4],"4":[0],"5":[23],"6":[3],"7":[2],"8":[1],"9":[2],"10":[3]},"fnMap":{"0":{"name":"Answer","decl":{"start":{"line":22,"column":15},"end":{"line":119,"column":1}},"loc":{"start":{"line":22,"column":15},"end":{"line":119,"column":1}},"line":22},"1":{"name":"deleteAnswer","decl":{"start":{"line":61,"column":25},"end":{"line":76,"column":6}},"loc":{"start":{"line":61,"column":25},"end":{"line":76,"column":6}},"line":61},"2":{"name":"onClick","decl":{"start":{"line":103,"column":37},"end":{"line":103,"column":60}},"loc":{"start":{"line":103,"column":37},"end":{"line":103,"column":60}},"line":103}},"f":{"0":30,"1":3,"2":3}}
,"C:\\Users\\schwa\\Documents\\Repositories\\Ro-Co\\frontend\\src\\component\\askQuestion.jsx": {"path":"C:\\Users\\schwa\\Documents\\Repositories\\Ro-Co\\frontend\\src\\component\\askQuestion.jsx","all":false,"statementMap":{"0":{"start":{"line":1,"column":0},"end":{"line":1,"column":63}},"1":{"start":{"line":2,"column":0},"end":{"line":2,"column":59}},"2":{"start":{"line":3,"column":0},"end":{"line":3,"column":38}},"3":{"start":{"line":4,"column":0},"end":{"line":4,"column":42}},"4":{"start":{"line":5,"column":0},"end":{"line":5,"column":45}},"5":{"start":{"line":6,"column":0},"end":{"line":6,"column":57}},"6":{"start":{"line":7,"column":0},"end":{"line":7,"column":63}},"7":{"start":{"line":8,"column":0},"end":{"line":8,"column":59}},"8":{"start":{"line":9,"column":0},"end":{"line":9,"column":36}},"9":{"start":{"line":10,"column":0},"end":{"line":10,"column":56}},"18":{"start":{"line":19,"column":0},"end":{"line":19,"column":38}},"19":{"start":{"line":20,"column":0},"end":{"line":20,"column":35}},"20":{"start":{"line":21,"column":0},"end":{"line":21,"column":39}},"21":{"start":{"line":22,"column":0},"end":{"line":22,"column":30}},"22":{"start":{"line":23,"column":0},"end":{"line":23,"column":33}},"23":{"start":{"line":24,"column":0},"end":{"line":24,"column":51}},"24":{"start":{"line":25,"column":0},"end":{"line":25,"column":42}},"25":{"start":{"line":26,"column":0},"end":{"line":26,"column":54}},"28":{"start":{"line":29,"column":0},"end":{"line":29,"column":32}},"29":{"start":{"line":30,"column":0},"end":{"line":30,"column":34}},"31":{"start":{"line":32,"column":0},"end":{"line":32,"column":25}},"32":{"start":{"line":33,"column":0},"end":{"line":33,"column":25}},"33":{"start":{"line":34,"column":0},"end":{"line":34,"column":37}},"34":{"start":{"line":35,"column":0},"end":{"line":35,"column":31}},"35":{"start":{"line":36,"column":0},"end":{"line":36,"column":10}},"36":{"start":{"line":37,"column":0},"end":{"line":37,"column":13}},"37":{"start":{"line":38,"column":0},"end":{"line":38,"column":46}},"38":{"start":{"line":39,"column":0},"end":{"line":39,"column":28}},"39":{"start":{"line":40,"column":0},"end":{"line":40,"column":24}},"40":{"start":{"line":41,"column":0},"end":{"line":41,"column":17}},"41":{"start":{"line":42,"column":0},"end":{"line":42,"column":96}},"42":{"start":{"line":43,"column":0},"end":{"line":43,"column":41}},"44":{"start":{"line":45,"column":0},"end":{"line":45,"column":19}},"46":{"start":{"line":47,"column":0},"end":{"line":47,"column":42}},"47":{"start":{"line":48,"column":0},"end":{"line":48,"column":38}},"48":{"start":{"line":49,"column":0},"end":{"line":49,"column":41}},"49":{"start":{"line":50,"column":0},"end":{"line":50,"column":47}},"50":{"start":{"line":51,"column":0},"end":{"line":51,"column":59}},"51":{"start":{"line":52,"column":0},"end":{"line":52,"column":55}},"52":{"start":{"line":53,"column":0},"end":{"line":53,"column":53}},"53":{"start":{"line":54,"column":0},"end":{"line":54,"column":29}},"54":{"start":{"line":55,"column":0},"end":{"line":55,"column":52}},"55":{"start":{"line":56,"column":0},"end":{"line":56,"column":64}},"56":{"start":{"line":57,"column":0},"end":{"line":57,"column":21}},"57":{"start":{"line":58,"column":0},"end":{"line":58,"column":18}},"58":{"start":{"line":59,"column":0},"end":{"line":59,"column":35}},"59":{"start":{"line":60,"column":0},"end":{"line":60,"column":54}},"60":{"start":{"line":61,"column":0},"end":{"line":61,"column":20}},"61":{"start":{"line":62,"column":0},"end":{"line":62,"column":84}},"62":{"start":{"line":63,"column":0},"end":{"line":63,"column":13}},"63":{"start":{"line":64,"column":0},"end":{"line":64,"column":25}},"64":{"start":{"line":65,"column":0},"end":{"line":65,"column":68}},"65":{"start":{"line":66,"column":0},"end":{"line":66,"column":9}},"66":{"start":{"line":67,"column":0},"end":{"line":67,"column":6}},"68":{"start":{"line":69,"column":0},"end":{"line":69,"column":12}},"69":{"start":{"line":70,"column":0},"end":{"line":70,"column":10}},"70":{"start":{"line":71,"column":0},"end":{"line":71,"column":133}},"71":{"start":{"line":72,"column":0},"end":{"line":72,"column":115}},"72":{"start":{"line":73,"column":0},"end":{"line":73,"column":86}},"73":{"start":{"line":74,"column":0},"end":{"line":74,"column":25}},"74":{"start":{"line":75,"column":0},"end":{"line":75,"column":18}},"75":{"start":{"line":76,"column":0},"end":{"line":76,"column":63}},"76":{"start":{"line":77,"column":0},"end":{"line":77,"column":42}},"77":{"start":{"line":78,"column":0},"end":{"line":78,"column":52}},"78":{"start":{"line":79,"column":0},"end":{"line":79,"column":59}},"79":{"start":{"line":80,"column":0},"end":{"line":80,"column":26}},"80":{"start":{"line":81,"column":0},"end":{"line":81,"column":67}},"81":{"start":{"line":82,"column":0},"end":{"line":82,"column":36}},"82":{"start":{"line":83,"column":0},"end":{"line":83,"column":45}},"83":{"start":{"line":84,"column":0},"end":{"line":84,"column":54}},"84":{"start":{"line":85,"column":0},"end":{"line":85,"column":37}},"85":{"start":{"line":86,"column":0},"end":{"line":86,"column":66}},"87":{"start":{"line":88,"column":0},"end":{"line":88,"column":22}},"88":{"start":{"line":89,"column":0},"end":{"line":89,"column":60}},"89":{"start":{"line":90,"column":0},"end":{"line":90,"column":29}},"90":{"start":{"line":91,"column":0},"end":{"line":91,"column":79}},"91":{"start":{"line":92,"column":0},"end":{"line":92,"column":37}},"92":{"start":{"line":93,"column":0},"end":{"line":93,"column":46}},"93":{"start":{"line":94,"column":0},"end":{"line":94,"column":70}},"94":{"start":{"line":95,"column":0},"end":{"line":95,"column":43}},"95":{"start":{"line":96,"column":0},"end":{"line":96,"column":72}},"96":{"start":{"line":97,"column":0},"end":{"line":97,"column":22}},"97":{"start":{"line":98,"column":0},"end":{"line":98,"column":22}},"98":{"start":{"line":99,"column":0},"end":{"line":99,"column":65}},"99":{"start":{"line":100,"column":0},"end":{"line":100,"column":129}},"101":{"start":{"line":102,"column":0},"end":{"line":102,"column":29}},"102":{"start":{"line":103,"column":0},"end":{"line":103,"column":138}},"104":{"start":{"line":105,"column":0},"end":{"line":105,"column":29}},"106":{"start":{"line":107,"column":0},"end":{"line":107,"column":22}},"107":{"start":{"line":108,"column":0},"end":{"line":108,"column":20}},"108":{"start":{"line":109,"column":0},"end":{"line":109,"column":11}},"110":{"start":{"line":111,"column":0},"end":{"line":111,"column":1}},"112":{"start":{"line":113,"column":0},"end":{"line":113,"column":27}}},"s":{"0":1,"1":1,"2":1,"3":1,"4":1,"5":1,"6":1,"7":1,"8":1,"9":1,"18":1,"19":9,"20":9,"21":9,"22":9,"23":9,"24":9,"25":9,"28":9,"29":2,"31":2,"32":2,"33":2,"34":2,"35":2,"36":2,"37":2,"38":2,"39":2,"40":2,"41":2,"42":2,"44":2,"46":1,"47":1,"48":1,"49":1,"50":1,"51":1,"52":1,"53":1,"54":1,"55":1,"56":1,"57":1,"58":1,"59":1,"60":2,"61":0,"62":0,"63":2,"64":1,"65":1,"66":2,"68":9,"69":9,"70":9,"71":9,"72":9,"73":9,"74":9,"75":9,"76":9,"77":9,"78":9,"79":9,"80":9,"81":9,"82":9,"83":9,"84":9,"85":9,"87":9,"88":9,"89":9,"90":9,"91":9,"92":9,"93":9,"94":9,"95":9,"96":9,"97":9,"98":9,"99":9,"101":9,"102":9,"104":9,"106":9,"107":9,"108":9,"110":9,"112":1},"branchMap":{"0":{"type":"branch","line":19,"loc":{"start":{"line":19,"column":20},"end":{"line":111,"column":1}},"locations":[{"start":{"line":19,"column":20},"end":{"line":111,"column":1}}]},"1":{"type":"branch","line":29,"loc":{"start":{"line":29,"column":19},"end":{"line":67,"column":6}},"locations":[{"start":{"line":29,"column":19},"end":{"line":67,"column":6}}]},"2":{"type":"branch","line":45,"loc":{"start":{"line":45,"column":17},"end":{"line":61,"column":19}},"locations":[{"start":{"line":45,"column":17},"end":{"line":61,"column":19}}]},"3":{"type":"branch","line":61,"loc":{"start":{"line":61,"column":12},"end":{"line":63,"column":13}},"locations":[{"start":{"line":61,"column":12},"end":{"line":63,"column":13}}]},"4":{"type":"branch","line":64,"loc":{"start":{"line":64,"column":8},"end":{"line":66,"column":9}},"locations":[{"start":{"line":64,"column":8},"end":{"line":66,"column":9}}]},"5":{"type":"branch","line":72,"loc":{"start":{"line":72,"column":90},"end":{"line":72,"column":115}},"locations":[{"start":{"line":72,"column":90},"end":{"line":72,"column":115}}]},"6":{"type":"branch","line":86,"loc":{"start":{"line":86,"column":34},"end":{"line":86,"column":66}},"locations":[{"start":{"line":86,"column":34},"end":{"line":86,"column":66}}]},"7":{"type":"branch","line":96,"loc":{"start":{"line":96,"column":34},"end":{"line":96,"column":72}},"locations":[{"start":{"line":96,"column":34},"end":{"line":96,"column":72}}]}},"b":{"0":[9],"1":[2],"2":[1],"3":[0],"4":[1],"5":[2],"6":[2],"7":[2]},"fnMap":{"0":{"name":"AskQuestion","decl":{"start":{"line":19,"column":20},"end":{"line":111,"column":1}},"loc":{"start":{"line":19,"column":20},"end":{"line":111,"column":1}},"line":19},"1":{"name":"onPost","decl":{"start":{"line":29,"column":19},"end":{"line":67,"column":6}},"loc":{"start":{"line":29,"column":19},"end":{"line":67,"column":6}},"line":29},"2":{"name":"onClick","decl":{"start":{"line":72,"column":90},"end":{"line":72,"column":115}},"loc":{"start":{"line":72,"column":90},"end":{"line":72,"column":115}},"line":72},"3":{"name":"onChange","decl":{"start":{"line":86,"column":34},"end":{"line":86,"column":66}},"loc":{"start":{"line":86,"column":34},"end":{"line":86,"column":66}},"line":86},"4":{"name":"onChange","decl":{"start":{"line":96,"column":34},"end":{"line":96,"column":72}},"loc":{"start":{"line":96,"column":34},"end":{"line":96,"column":72}},"line":96},"5":{"name":"onClick","decl":{"start":{"line":103,"column":67},"end":{"line":103,"column":93}},"loc":{"start":{"line":103,"column":67},"end":{"line":103,"column":93}},"line":103}},"f":{"0":9,"1":2,"2":2,"3":2,"4":2,"5":0}}
,"C:\\Users\\schwa\\Documents\\Repositories\\Ro-Co\\frontend\\src\\component\\navbar.jsx": {"path":"C:\\Users\\schwa\\Documents\\Repositories\\Ro-Co\\frontend\\src\\component\\navbar.jsx","all":false,"statementMap":{"0":{"start":{"line":1,"column":0},"end":{"line":1,"column":63}},"1":{"start":{"line":2,"column":0},"end":{"line":2,"column":74}},"2":{"start":{"line":3,"column":0},"end":{"line":3,"column":49}},"3":{"start":{"line":4,"column":0},"end":{"line":4,"column":36}},"4":{"start":{"line":5,"column":0},"end":{"line":5,"column":45}},"5":{"start":{"line":6,"column":0},"end":{"line":6,"column":56}},"6":{"start":{"line":7,"column":0},"end":{"line":7,"column":63}},"7":{"start":{"line":8,"column":0},"end":{"line":8,"column":59}},"8":{"start":{"line":9,"column":0},"end":{"line":9,"column":56}},"15":{"start":{"line":16,"column":0},"end":{"line":16,"column":28}},"16":{"start":{"line":17,"column":0},"end":{"line":17,"column":35}},"17":{"start":{"line":18,"column":0},"end":{"line":18,"column":33}},"18":{"start":{"line":19,"column":0},"end":{"line":19,"column":39}},"19":{"start":{"line":20,"column":0},"end":{"line":20,"column":30}},"21":{"start":{"line":22,"column":0},"end":{"line":22,"column":49}},"22":{"start":{"line":23,"column":0},"end":{"line":23,"column":59}},"27":{"start":{"line":28,"column":0},"end":{"line":28,"column":21}},"28":{"start":{"line":29,"column":0},"end":{"line":29,"column":20}},"29":{"start":{"line":30,"column":0},"end":{"line":30,"column":31}},"36":{"start":{"line":37,"column":0},"end":{"line":37,"column":35}},"37":{"start":{"line":38,"column":0},"end":{"line":38,"column":13}},"39":{"start":{"line":40,"column":0},"end":{"line":40,"column":49}},"40":{"start":{"line":41,"column":0},"end":{"line":41,"column":36}},"41":{"start":{"line":42,"column":0},"end":{"line":42,"column":17}},"42":{"start":{"line":43,"column":0},"end":{"line":43,"column":97}},"43":{"start":{"line":44,"column":0},"end":{"line":44,"column":41}},"44":{"start":{"line":45,"column":0},"end":{"line":45,"column":17}},"45":{"start":{"line":46,"column":0},"end":{"line":46,"column":14}},"46":{"start":{"line":47,"column":0},"end":{"line":47,"column":46}},"47":{"start":{"line":48,"column":0},"end":{"line":48,"column":56}},"48":{"start":{"line":49,"column":0},"end":{"line":49,"column":13}},"49":{"start":{"line":50,"column":0},"end":{"line":50,"column":53}},"52":{"start":{"line":53,"column":0},"end":{"line":53,"column":49}},"53":{"start":{"line":54,"column":0},"end":{"line":54,"column":46}},"54":{"start":{"line":55,"column":0},"end":{"line":55,"column":17}},"55":{"start":{"line":56,"column":0},"end":{"line":56,"column":97}},"56":{"start":{"line":57,"column":0},"end":{"line":57,"column":41}},"57":{"start":{"line":58,"column":0},"end":{"line":58,"column":17}},"58":{"start":{"line":59,"column":0},"end":{"line":59,"column":14}},"59":{"start":{"line":60,"column":0},"end":{"line":60,"column":46}},"60":{"start":{"line":61,"column":0},"end":{"line":61,"column":56}},"61":{"start":{"line":62,"column":0},"end":{"line":62,"column":13}},"62":{"start":{"line":63,"column":0},"end":{"line":63,"column":82}},"63":{"start":{"line":64,"column":0},"end":{"line":64,"column":55}},"64":{"start":{"line":65,"column":0},"end":{"line":65,"column":38}},"65":{"start":{"line":66,"column":0},"end":{"line":66,"column":25}},"66":{"start":{"line":67,"column":0},"end":{"line":67,"column":68}},"67":{"start":{"line":68,"column":0},"end":{"line":68,"column":9}},"68":{"start":{"line":69,"column":0},"end":{"line":69,"column":6}},"74":{"start":{"line":75,"column":0},"end":{"line":75,"column":37}},"75":{"start":{"line":76,"column":0},"end":{"line":76,"column":60}},"76":{"start":{"line":77,"column":0},"end":{"line":77,"column":6}},"79":{"start":{"line":80,"column":0},"end":{"line":80,"column":12}},"80":{"start":{"line":81,"column":0},"end":{"line":81,"column":10}},"81":{"start":{"line":82,"column":0},"end":{"line":82,"column":90}},"82":{"start":{"line":83,"column":0},"end":{"line":83,"column":77}},"83":{"start":{"line":84,"column":0},"end":{"line":84,"column":28}},"84":{"start":{"line":85,"column":0},"end":{"line":85,"column":46}},"85":{"start":{"line":86,"column":0},"end":{"line":86,"column":45}},"86":{"start":{"line":87,"column":0},"end":{"line":87,"column":54}},"87":{"start":{"line":88,"column":0},"end":{"line":88,"column":69}},"88":{"start":{"line":89,"column":0},"end":{"line":89,"column":26}},"89":{"start":{"line":90,"column":0},"end":{"line":90,"column":88}},"90":{"start":{"line":91,"column":0},"end":{"line":91,"column":22}},"91":{"start":{"line":92,"column":0},"end":{"line":92,"column":74}},"92":{"start":{"line":93,"column":0},"end":{"line":93,"column":95}},"93":{"start":{"line":94,"column":0},"end":{"line":94,"column":106}},"94":{"start":{"line":95,"column":0},"end":{"line":95,"column":33}},"95":{"start":{"line":96,"column":0},"end":{"line":96,"column":26}},"96":{"start":{"line":97,"column":0},"end":{"line":97,"column":18}},"97":{"start":{"line":98,"column":0},"end":{"line":98,"column":11}},"99":{"start":{"line":100,"column":0},"end":{"line":100,"column":2}},"101":{"start":{"line":102,"column":0},"end":{"line":102,"column":28}}},"s":{"0":1,"1":1,"2":1,"3":1,"4":1,"5":1,"6":1,"7":1,"8":1,"15":1,"16":4,"17":4,"18":4,"19":4,"21":4,"22":4,"27":4,"28":3,"29":4,"36":4,"37":3,"39":3,"40":3,"41":3,"42":3,"43":3,"44":3,"45":3,"46":3,"47":0,"48":0,"49":3,"52":3,"53":3,"54":3,"55":3,"56":3,"57":3,"58":3,"59":3,"60":0,"61":0,"62":2,"63":2,"64":2,"65":3,"66":1,"67":1,"68":3,"74":4,"75":0,"76":0,"79":4,"80":4,"81":4,"82":4,"83":4,"84":4,"85":4,"86":4,"87":4,"88":4,"89":4,"90":4,"91":4,"92":4,"93":4,"94":4,"95":4,"96":4,"97":4,"99":4,"101":1},"branchMap":{"0":{"type":"branch","line":16,"loc":{"start":{"line":16,"column":21},"end":{"line":100,"column":2}},"locations":[{"start":{"line":16,"column":21},"end":{"line":100,"column":2}}]},"1":{"type":"branch","line":28,"loc":{"start":{"line":28,"column":14},"end":{"line":30,"column":7}},"locations":[{"start":{"line":28,"column":14},"end":{"line":30,"column":7}}]},"2":{"type":"branch","line":37,"loc":{"start":{"line":37,"column":22},"end":{"line":69,"column":6}},"locations":[{"start":{"line":37,"column":22},"end":{"line":69,"column":6}}]},"3":{"type":"branch","line":46,"loc":{"start":{"line":46,"column":12},"end":{"line":47,"column":45}},"locations":[{"start":{"line":46,"column":12},"end":{"line":47,"column":45}}]},"4":{"type":"branch","line":47,"loc":{"start":{"line":47,"column":45},"end":{"line":49,"column":13}},"locations":[{"start":{"line":47,"column":45},"end":{"line":49,"column":13}}]},"5":{"type":"branch","line":49,"loc":{"start":{"line":49,"column":12},"end":{"line":50,"column":51}},"locations":[{"start":{"line":49,"column":12},"end":{"line":50,"column":51}}]},"6":{"type":"branch","line":59,"loc":{"start":{"line":59,"column":12},"end":{"line":60,"column":45}},"locations":[{"start":{"line":59,"column":12},"end":{"line":60,"column":45}}]},"7":{"type":"branch","line":60,"loc":{"start":{"line":60,"column":45},"end":{"line":62,"column":13}},"locations":[{"start":{"line":60,"column":45},"end":{"line":62,"column":13}}]},"8":{"type":"branch","line":62,"loc":{"start":{"line":62,"column":12},"end":{"line":66,"column":17}},"locations":[{"start":{"line":62,"column":12},"end":{"line":66,"column":17}}]},"9":{"type":"branch","line":66,"loc":{"start":{"line":66,"column":8},"end":{"line":68,"column":9}},"locations":[{"start":{"line":66,"column":8},"end":{"line":68,"column":9}}]}},"b":{"0":[4],"1":[3],"2":[3],"3":[2],"4":[0],"5":[2],"6":[2],"7":[0],"8":[2],"9":[1]},"fnMap":{"0":{"name":"CustomNavbar","decl":{"start":{"line":16,"column":21},"end":{"line":100,"column":2}},"loc":{"start":{"line":16,"column":21},"end":{"line":100,"column":2}},"line":16},"1":{"name":"fetchData","decl":{"start":{"line":37,"column":22},"end":{"line":69,"column":6}},"loc":{"start":{"line":37,"column":22},"end":{"line":69,"column":6}},"line":37},"2":{"name":"handleLogoutClick","decl":{"start":{"line":75,"column":30},"end":{"line":77,"column":6}},"loc":{"start":{"line":75,"column":30},"end":{"line":77,"column":6}},"line":75}},"f":{"0":4,"1":3,"2":0}}
,"C:\\Users\\schwa\\Documents\\Repositories\\Ro-Co\\frontend\\src\\component\\popup.jsx": {"path":"C:\\Users\\schwa\\Documents\\Repositories\\Ro-Co\\frontend\\src\\component\\popup.jsx","all":false,"statementMap":{"0":{"start":{"line":1,"column":0},"end":{"line":1,"column":26}},"8":{"start":{"line":9,"column":0},"end":{"line":9,"column":23}},"9":{"start":{"line":10,"column":0},"end":{"line":10,"column":30}},"10":{"start":{"line":11,"column":0},"end":{"line":11,"column":31}},"11":{"start":{"line":12,"column":0},"end":{"line":12,"column":65}},"12":{"start":{"line":13,"column":0},"end":{"line":13,"column":36}},"13":{"start":{"line":14,"column":0},"end":{"line":14,"column":18}},"14":{"start":{"line":15,"column":0},"end":{"line":15,"column":14}},"15":{"start":{"line":16,"column":0},"end":{"line":16,"column":13}},"16":{"start":{"line":17,"column":0},"end":{"line":17,"column":1}},"18":{"start":{"line":19,"column":0},"end":{"line":19,"column":21}}},"s":{"0":1,"8":11,"9":11,"10":7,"11":7,"12":7,"13":7,"14":7,"15":4,"16":11,"18":1},"branchMap":{"0":{"type":"branch","line":9,"loc":{"start":{"line":9,"column":0},"end":{"line":17,"column":1}},"locations":[{"start":{"line":9,"column":0},"end":{"line":17,"column":1}}]},"1":{"type":"branch","line":10,"loc":{"start":{"line":10,"column":18},"end":{"line":15,"column":14}},"locations":[{"start":{"line":10,"column":18},"end":{"line":15,"column":14}}]},"2":{"type":"branch","line":15,"loc":{"start":{"line":15,"column":8},"end":{"line":16,"column":13}},"locations":[{"start":{"line":15,"column":8},"end":{"line":16,"column":13}}]}},"b":{"0":[11],"1":[7],"2":[4]},"fnMap":{"0":{"name":"Popup","decl":{"start":{"line":9,"column":0},"end":{"line":17,"column":1}},"loc":{"start":{"line":9,"column":0},"end":{"line":17,"column":1}},"line":9}},"f":{"0":11}}
,"C:\\Users\\schwa\\Documents\\Repositories\\Ro-Co\\frontend\\src\\component\\question.jsx": {"path":"C:\\Users\\schwa\\Documents\\Repositories\\Ro-Co\\frontend\\src\\component\\question.jsx","all":false,"statementMap":{"0":{"start":{"line":1,"column":0},"end":{"line":1,"column":49}},"1":{"start":{"line":2,"column":0},"end":{"line":2,"column":63}},"2":{"start":{"line":3,"column":0},"end":{"line":3,"column":101}},"3":{"start":{"line":4,"column":0},"end":{"line":4,"column":36}},"4":{"start":{"line":5,"column":0},"end":{"line":5,"column":36}},"5":{"start":{"line":6,"column":0},"end":{"line":6,"column":56}},"6":{"start":{"line":7,"column":0},"end":{"line":7,"column":45}},"7":{"start":{"line":8,"column":0},"end":{"line":8,"column":57}},"8":{"start":{"line":9,"column":0},"end":{"line":9,"column":63}},"9":{"start":{"line":10,"column":0},"end":{"line":10,"column":59}},"10":{"start":{"line":11,"column":0},"end":{"line":11,"column":44}},"11":{"start":{"line":12,"column":0},"end":{"line":12,"column":44}},"12":{"start":{"line":13,"column":0},"end":{"line":13,"column":31}},"25":{"start":{"line":26,"column":0},"end":{"line":26,"column":89}},"26":{"start":{"line":27,"column":0},"end":{"line":27,"column":35}},"27":{"start":{"line":28,"column":0},"end":{"line":28,"column":33}},"28":{"start":{"line":29,"column":0},"end":{"line":29,"column":39}},"29":{"start":{"line":30,"column":0},"end":{"line":30,"column":30}},"31":{"start":{"line":32,"column":0},"end":{"line":32,"column":59}},"32":{"start":{"line":33,"column":0},"end":{"line":33,"column":48}},"33":{"start":{"line":34,"column":0},"end":{"line":34,"column":59}},"34":{"start":{"line":35,"column":0},"end":{"line":35,"column":47}},"35":{"start":{"line":36,"column":0},"end":{"line":36,"column":47}},"36":{"start":{"line":37,"column":0},"end":{"line":37,"column":30}},"41":{"start":{"line":42,"column":0},"end":{"line":42,"column":21}},"42":{"start":{"line":43,"column":0},"end":{"line":43,"column":21}},"44":{"start":{"line":45,"column":0},"end":{"line":45,"column":27}},"45":{"start":{"line":46,"column":0},"end":{"line":46,"column":75}},"46":{"start":{"line":47,"column":0},"end":{"line":47,"column":15}},"48":{"start":{"line":49,"column":0},"end":{"line":49,"column":49}},"49":{"start":{"line":50,"column":0},"end":{"line":50,"column":9}},"50":{"start":{"line":51,"column":0},"end":{"line":51,"column":22}},"52":{"start":{"line":53,"column":0},"end":{"line":53,"column":49}},"53":{"start":{"line":54,"column":0},"end":{"line":54,"column":10}},"54":{"start":{"line":55,"column":0},"end":{"line":55,"column":17}},"60":{"start":{"line":61,"column":0},"end":{"line":61,"column":21}},"61":{"start":{"line":62,"column":0},"end":{"line":62,"column":18}},"62":{"start":{"line":63,"column":0},"end":{"line":63,"column":43}},"63":{"start":{"line":64,"column":0},"end":{"line":64,"column":13}},"64":{"start":{"line":65,"column":0},"end":{"line":65,"column":92}},"65":{"start":{"line":66,"column":0},"end":{"line":66,"column":37}},"66":{"start":{"line":67,"column":0},"end":{"line":67,"column":13}},"67":{"start":{"line":68,"column":0},"end":{"line":68,"column":30}},"68":{"start":{"line":69,"column":0},"end":{"line":69,"column":42}},"69":{"start":{"line":70,"column":0},"end":{"line":70,"column":56}},"70":{"start":{"line":71,"column":0},"end":{"line":71,"column":13}},"72":{"start":{"line":73,"column":0},"end":{"line":73,"column":78}},"73":{"start":{"line":74,"column":0},"end":{"line":74,"column":55}},"74":{"start":{"line":75,"column":0},"end":{"line":75,"column":38}},"75":{"start":{"line":76,"column":0},"end":{"line":76,"column":30}},"76":{"start":{"line":77,"column":0},"end":{"line":77,"column":68}},"77":{"start":{"line":78,"column":0},"end":{"line":78,"column":11}},"79":{"start":{"line":80,"column":0},"end":{"line":80,"column":17}},"85":{"start":{"line":86,"column":0},"end":{"line":86,"column":46}},"86":{"start":{"line":87,"column":0},"end":{"line":87,"column":22}},"87":{"start":{"line":88,"column":0},"end":{"line":88,"column":6}},"93":{"start":{"line":94,"column":0},"end":{"line":94,"column":36}},"94":{"start":{"line":95,"column":0},"end":{"line":95,"column":30}},"95":{"start":{"line":96,"column":0},"end":{"line":96,"column":48}},"96":{"start":{"line":97,"column":0},"end":{"line":97,"column":19}},"97":{"start":{"line":98,"column":0},"end":{"line":98,"column":9}},"99":{"start":{"line":100,"column":0},"end":{"line":100,"column":13}},"100":{"start":{"line":101,"column":0},"end":{"line":101,"column":46}},"101":{"start":{"line":102,"column":0},"end":{"line":102,"column":26}},"102":{"start":{"line":103,"column":0},"end":{"line":103,"column":17}},"103":{"start":{"line":104,"column":0},"end":{"line":104,"column":39}},"104":{"start":{"line":105,"column":0},"end":{"line":105,"column":35}},"105":{"start":{"line":106,"column":0},"end":{"line":106,"column":40}},"106":{"start":{"line":107,"column":0},"end":{"line":107,"column":18}},"107":{"start":{"line":108,"column":0},"end":{"line":108,"column":17}},"108":{"start":{"line":109,"column":0},"end":{"line":109,"column":97}},"109":{"start":{"line":110,"column":0},"end":{"line":110,"column":42}},"110":{"start":{"line":111,"column":0},"end":{"line":111,"column":17}},"111":{"start":{"line":112,"column":0},"end":{"line":112,"column":14}},"113":{"start":{"line":114,"column":0},"end":{"line":114,"column":42}},"115":{"start":{"line":116,"column":0},"end":{"line":116,"column":31}},"117":{"start":{"line":118,"column":0},"end":{"line":118,"column":56}},"118":{"start":{"line":119,"column":0},"end":{"line":119,"column":77}},"119":{"start":{"line":120,"column":0},"end":{"line":120,"column":20}},"120":{"start":{"line":121,"column":0},"end":{"line":121,"column":60}},"121":{"start":{"line":122,"column":0},"end":{"line":122,"column":13}},"122":{"start":{"line":123,"column":0},"end":{"line":123,"column":25}},"123":{"start":{"line":124,"column":0},"end":{"line":124,"column":68}},"124":{"start":{"line":125,"column":0},"end":{"line":125,"column":9}},"125":{"start":{"line":126,"column":0},"end":{"line":126,"column":6}},"131":{"start":{"line":132,"column":0},"end":{"line":132,"column":38}},"132":{"start":{"line":133,"column":0},"end":{"line":133,"column":28}},"133":{"start":{"line":134,"column":0},"end":{"line":134,"column":26}},"134":{"start":{"line":135,"column":0},"end":{"line":135,"column":26}},"136":{"start":{"line":137,"column":0},"end":{"line":137,"column":22}},"137":{"start":{"line":138,"column":0},"end":{"line":138,"column":17}},"138":{"start":{"line":139,"column":0},"end":{"line":139,"column":49}},"139":{"start":{"line":140,"column":0},"end":{"line":140,"column":75}},"140":{"start":{"line":141,"column":0},"end":{"line":141,"column":21}},"141":{"start":{"line":142,"column":0},"end":{"line":142,"column":101}},"142":{"start":{"line":143,"column":0},"end":{"line":143,"column":46}},"143":{"start":{"line":144,"column":0},"end":{"line":144,"column":21}},"144":{"start":{"line":145,"column":0},"end":{"line":145,"column":18}},"146":{"start":{"line":147,"column":0},"end":{"line":147,"column":74}},"148":{"start":{"line":149,"column":0},"end":{"line":149,"column":68}},"149":{"start":{"line":150,"column":0},"end":{"line":150,"column":43}},"150":{"start":{"line":151,"column":0},"end":{"line":151,"column":38}},"151":{"start":{"line":152,"column":0},"end":{"line":152,"column":56}},"152":{"start":{"line":153,"column":0},"end":{"line":153,"column":52}},"153":{"start":{"line":154,"column":0},"end":{"line":154,"column":33}},"154":{"start":{"line":155,"column":0},"end":{"line":155,"column":49}},"155":{"start":{"line":156,"column":0},"end":{"line":156,"column":61}},"156":{"start":{"line":157,"column":0},"end":{"line":157,"column":25}},"157":{"start":{"line":158,"column":0},"end":{"line":158,"column":24}},"159":{"start":{"line":160,"column":0},"end":{"line":160,"column":64}},"160":{"start":{"line":161,"column":0},"end":{"line":161,"column":17}},"163":{"start":{"line":164,"column":0},"end":{"line":164,"column":55}},"164":{"start":{"line":165,"column":0},"end":{"line":165,"column":35}},"165":{"start":{"line":166,"column":0},"end":{"line":166,"column":24}},"166":{"start":{"line":167,"column":0},"end":{"line":167,"column":26}},"167":{"start":{"line":168,"column":0},"end":{"line":168,"column":17}},"168":{"start":{"line":169,"column":0},"end":{"line":169,"column":29}},"169":{"start":{"line":170,"column":0},"end":{"line":170,"column":72}},"170":{"start":{"line":171,"column":0},"end":{"line":171,"column":22}},"171":{"start":{"line":172,"column":0},"end":{"line":172,"column":13}},"172":{"start":{"line":173,"column":0},"end":{"line":173,"column":9}},"173":{"start":{"line":174,"column":0},"end":{"line":174,"column":30}},"174":{"start":{"line":175,"column":0},"end":{"line":175,"column":6}},"182":{"start":{"line":183,"column":0},"end":{"line":183,"column":50}},"184":{"start":{"line":185,"column":0},"end":{"line":185,"column":37}},"185":{"start":{"line":186,"column":0},"end":{"line":186,"column":83}},"186":{"start":{"line":187,"column":0},"end":{"line":187,"column":19}},"187":{"start":{"line":188,"column":0},"end":{"line":188,"column":9}},"188":{"start":{"line":189,"column":0},"end":{"line":189,"column":13}},"189":{"start":{"line":190,"column":0},"end":{"line":190,"column":76}},"190":{"start":{"line":191,"column":0},"end":{"line":191,"column":57}},"191":{"start":{"line":192,"column":0},"end":{"line":192,"column":38}},"192":{"start":{"line":193,"column":0},"end":{"line":193,"column":15}},"194":{"start":{"line":195,"column":0},"end":{"line":195,"column":42}},"196":{"start":{"line":197,"column":0},"end":{"line":197,"column":37}},"197":{"start":{"line":198,"column":0},"end":{"line":198,"column":20}},"198":{"start":{"line":199,"column":0},"end":{"line":199,"column":55}},"199":{"start":{"line":200,"column":0},"end":{"line":200,"column":13}},"200":{"start":{"line":201,"column":0},"end":{"line":201,"column":25}},"201":{"start":{"line":202,"column":0},"end":{"line":202,"column":63}},"202":{"start":{"line":203,"column":0},"end":{"line":203,"column":68}},"203":{"start":{"line":204,"column":0},"end":{"line":204,"column":9}},"204":{"start":{"line":205,"column":0},"end":{"line":205,"column":5}},"213":{"start":{"line":214,"column":0},"end":{"line":214,"column":50}},"215":{"start":{"line":216,"column":0},"end":{"line":216,"column":37}},"216":{"start":{"line":217,"column":0},"end":{"line":217,"column":83}},"217":{"start":{"line":218,"column":0},"end":{"line":218,"column":19}},"218":{"start":{"line":219,"column":0},"end":{"line":219,"column":9}},"219":{"start":{"line":220,"column":0},"end":{"line":220,"column":13}},"220":{"start":{"line":221,"column":0},"end":{"line":221,"column":45}},"221":{"start":{"line":222,"column":0},"end":{"line":222,"column":49}},"222":{"start":{"line":223,"column":0},"end":{"line":223,"column":42}},"223":{"start":{"line":224,"column":0},"end":{"line":224,"column":17}},"224":{"start":{"line":225,"column":0},"end":{"line":225,"column":97}},"225":{"start":{"line":226,"column":0},"end":{"line":226,"column":42}},"226":{"start":{"line":227,"column":0},"end":{"line":227,"column":17}},"227":{"start":{"line":228,"column":0},"end":{"line":228,"column":14}},"229":{"start":{"line":230,"column":0},"end":{"line":230,"column":42}},"230":{"start":{"line":231,"column":0},"end":{"line":231,"column":54}},"231":{"start":{"line":232,"column":0},"end":{"line":232,"column":20}},"232":{"start":{"line":233,"column":0},"end":{"line":233,"column":72}},"233":{"start":{"line":234,"column":0},"end":{"line":234,"column":13}},"234":{"start":{"line":235,"column":0},"end":{"line":235,"column":25}},"235":{"start":{"line":236,"column":0},"end":{"line":236,"column":68}},"236":{"start":{"line":237,"column":0},"end":{"line":237,"column":9}},"237":{"start":{"line":238,"column":0},"end":{"line":238,"column":6}},"240":{"start":{"line":241,"column":0},"end":{"line":241,"column":14}},"241":{"start":{"line":242,"column":0},"end":{"line":242,"column":31}},"242":{"start":{"line":243,"column":0},"end":{"line":243,"column":35}},"243":{"start":{"line":244,"column":0},"end":{"line":244,"column":58}},"244":{"start":{"line":245,"column":0},"end":{"line":245,"column":59}},"245":{"start":{"line":246,"column":0},"end":{"line":246,"column":63}},"246":{"start":{"line":247,"column":0},"end":{"line":247,"column":31}},"247":{"start":{"line":248,"column":0},"end":{"line":248,"column":46}},"248":{"start":{"line":249,"column":0},"end":{"line":249,"column":45}},"249":{"start":{"line":250,"column":0},"end":{"line":250,"column":54}},"250":{"start":{"line":251,"column":0},"end":{"line":251,"column":69}},"251":{"start":{"line":252,"column":0},"end":{"line":252,"column":30}},"252":{"start":{"line":253,"column":0},"end":{"line":253,"column":84}},"253":{"start":{"line":254,"column":0},"end":{"line":254,"column":48}},"254":{"start":{"line":255,"column":0},"end":{"line":255,"column":62}},"255":{"start":{"line":256,"column":0},"end":{"line":256,"column":37}},"256":{"start":{"line":257,"column":0},"end":{"line":257,"column":119}},"257":{"start":{"line":258,"column":0},"end":{"line":258,"column":32}},"258":{"start":{"line":259,"column":0},"end":{"line":259,"column":66}},"259":{"start":{"line":260,"column":0},"end":{"line":260,"column":30}},"260":{"start":{"line":261,"column":0},"end":{"line":261,"column":26}},"261":{"start":{"line":262,"column":0},"end":{"line":262,"column":22}},"262":{"start":{"line":263,"column":0},"end":{"line":263,"column":41}},"263":{"start":{"line":264,"column":0},"end":{"line":264,"column":55}},"264":{"start":{"line":265,"column":0},"end":{"line":265,"column":37}},"265":{"start":{"line":266,"column":0},"end":{"line":266,"column":24}},"266":{"start":{"line":267,"column":0},"end":{"line":267,"column":22}},"267":{"start":{"line":268,"column":0},"end":{"line":268,"column":63}},"268":{"start":{"line":269,"column":0},"end":{"line":269,"column":123}},"269":{"start":{"line":270,"column":0},"end":{"line":270,"column":118}},"270":{"start":{"line":271,"column":0},"end":{"line":271,"column":29}},"271":{"start":{"line":272,"column":0},"end":{"line":272,"column":22}},"272":{"start":{"line":273,"column":0},"end":{"line":273,"column":68}},"273":{"start":{"line":274,"column":0},"end":{"line":274,"column":65}},"274":{"start":{"line":275,"column":0},"end":{"line":275,"column":35}},"275":{"start":{"line":276,"column":0},"end":{"line":276,"column":57}},"276":{"start":{"line":277,"column":0},"end":{"line":277,"column":41}},"277":{"start":{"line":278,"column":0},"end":{"line":278,"column":62}},"278":{"start":{"line":279,"column":0},"end":{"line":279,"column":62}},"280":{"start":{"line":281,"column":0},"end":{"line":281,"column":48}},"281":{"start":{"line":282,"column":0},"end":{"line":282,"column":56}},"282":{"start":{"line":283,"column":0},"end":{"line":283,"column":44}},"283":{"start":{"line":284,"column":0},"end":{"line":284,"column":57}},"284":{"start":{"line":285,"column":0},"end":{"line":285,"column":77}},"285":{"start":{"line":286,"column":0},"end":{"line":286,"column":38}},"286":{"start":{"line":287,"column":0},"end":{"line":287,"column":34}},"287":{"start":{"line":288,"column":0},"end":{"line":288,"column":37}},"289":{"start":{"line":290,"column":0},"end":{"line":290,"column":49}},"290":{"start":{"line":291,"column":0},"end":{"line":291,"column":31}},"291":{"start":{"line":292,"column":0},"end":{"line":292,"column":57}},"292":{"start":{"line":293,"column":0},"end":{"line":293,"column":41}},"293":{"start":{"line":294,"column":0},"end":{"line":294,"column":62}},"294":{"start":{"line":295,"column":0},"end":{"line":295,"column":62}},"296":{"start":{"line":297,"column":0},"end":{"line":297,"column":44}},"297":{"start":{"line":298,"column":0},"end":{"line":298,"column":46}},"298":{"start":{"line":299,"column":0},"end":{"line":299,"column":40}},"299":{"start":{"line":300,"column":0},"end":{"line":300,"column":55}},"300":{"start":{"line":301,"column":0},"end":{"line":301,"column":50}},"301":{"start":{"line":302,"column":0},"end":{"line":302,"column":34}},"302":{"start":{"line":303,"column":0},"end":{"line":303,"column":30}},"303":{"start":{"line":304,"column":0},"end":{"line":304,"column":33}},"305":{"start":{"line":306,"column":0},"end":{"line":306,"column":22}},"306":{"start":{"line":307,"column":0},"end":{"line":307,"column":38}},"307":{"start":{"line":308,"column":0},"end":{"line":308,"column":28}},"308":{"start":{"line":309,"column":0},"end":{"line":309,"column":63}},"309":{"start":{"line":310,"column":0},"end":{"line":310,"column":50}},"310":{"start":{"line":311,"column":0},"end":{"line":311,"column":216}},"311":{"start":{"line":312,"column":0},"end":{"line":312,"column":27}},"314":{"start":{"line":315,"column":0},"end":{"line":315,"column":70}},"315":{"start":{"line":316,"column":0},"end":{"line":316,"column":64}},"316":{"start":{"line":317,"column":0},"end":{"line":317,"column":41}},"317":{"start":{"line":318,"column":0},"end":{"line":318,"column":79}},"318":{"start":{"line":319,"column":0},"end":{"line":319,"column":56}},"319":{"start":{"line":320,"column":0},"end":{"line":320,"column":44}},"320":{"start":{"line":321,"column":0},"end":{"line":321,"column":57}},"321":{"start":{"line":322,"column":0},"end":{"line":322,"column":66}},"322":{"start":{"line":323,"column":0},"end":{"line":323,"column":51}},"323":{"start":{"line":324,"column":0},"end":{"line":324,"column":80}},"324":{"start":{"line":325,"column":0},"end":{"line":325,"column":55}},"325":{"start":{"line":326,"column":0},"end":{"line":326,"column":64}},"326":{"start":{"line":327,"column":0},"end":{"line":327,"column":59}},"328":{"start":{"line":329,"column":0},"end":{"line":329,"column":55}},"329":{"start":{"line":330,"column":0},"end":{"line":330,"column":45}},"330":{"start":{"line":331,"column":0},"end":{"line":331,"column":91}},"331":{"start":{"line":332,"column":0},"end":{"line":332,"column":77}},"332":{"start":{"line":333,"column":0},"end":{"line":333,"column":41}},"333":{"start":{"line":334,"column":0},"end":{"line":334,"column":38}},"334":{"start":{"line":335,"column":0},"end":{"line":335,"column":44}},"335":{"start":{"line":336,"column":0},"end":{"line":336,"column":34}},"336":{"start":{"line":337,"column":0},"end":{"line":337,"column":30}},"337":{"start":{"line":338,"column":0},"end":{"line":338,"column":78}},"338":{"start":{"line":339,"column":0},"end":{"line":339,"column":35}},"339":{"start":{"line":340,"column":0},"end":{"line":340,"column":45}},"340":{"start":{"line":341,"column":0},"end":{"line":341,"column":82}},"341":{"start":{"line":342,"column":0},"end":{"line":342,"column":53}},"343":{"start":{"line":344,"column":0},"end":{"line":344,"column":37}},"344":{"start":{"line":345,"column":0},"end":{"line":345,"column":30}},"345":{"start":{"line":346,"column":0},"end":{"line":346,"column":26}},"346":{"start":{"line":347,"column":0},"end":{"line":347,"column":29}},"348":{"start":{"line":349,"column":0},"end":{"line":349,"column":14}},"349":{"start":{"line":350,"column":0},"end":{"line":350,"column":10}},"350":{"start":{"line":351,"column":0},"end":{"line":351,"column":5}},"351":{"start":{"line":352,"column":0},"end":{"line":352,"column":1}},"353":{"start":{"line":354,"column":0},"end":{"line":354,"column":24}}},"s":{"0":1,"1":1,"2":1,"3":1,"4":1,"5":1,"6":1,"7":1,"8":1,"9":1,"10":1,"11":1,"12":1,"25":1,"26":10,"27":10,"28":10,"29":10,"31":10,"32":10,"33":10,"34":10,"35":10,"36":10,"41":10,"42":7,"44":2,"45":2,"46":7,"48":5,"49":5,"50":7,"52":7,"53":7,"54":10,"60":10,"61":5,"62":5,"63":5,"64":5,"65":5,"66":5,"67":5,"68":4,"69":0,"70":0,"72":4,"73":4,"74":4,"75":5,"76":1,"77":5,"79":10,"85":10,"86":0,"87":0,"93":10,"94":1,"95":0,"96":0,"97":0,"99":1,"100":1,"101":1,"102":1,"103":1,"104":1,"105":1,"106":1,"107":1,"108":1,"109":1,"110":1,"111":1,"113":1,"115":1,"117":1,"118":1,"119":1,"120":0,"121":0,"122":1,"123":0,"124":0,"125":1,"131":10,"132":2,"133":2,"134":2,"136":2,"137":4,"138":4,"139":4,"140":4,"141":4,"142":4,"143":4,"144":4,"146":4,"148":2,"149":21,"150":21,"151":21,"152":21,"153":21,"154":21,"155":21,"156":21,"157":2,"159":2,"160":2,"163":4,"164":2,"165":2,"166":2,"167":2,"168":4,"169":0,"170":0,"171":0,"172":4,"173":2,"174":2,"182":10,"184":0,"185":0,"186":0,"187":0,"188":0,"189":0,"190":0,"191":0,"192":0,"194":0,"196":0,"197":0,"198":0,"199":0,"200":0,"201":0,"202":0,"203":0,"204":0,"213":10,"215":0,"216":0,"217":0,"218":0,"219":0,"220":0,"221":0,"222":0,"223":0,"224":0,"225":0,"226":0,"227":0,"229":0,"230":0,"231":0,"232":0,"233":0,"234":0,"235":0,"236":0,"237":0,"240":10,"241":10,"242":10,"243":10,"244":10,"245":10,"246":10,"247":10,"248":10,"249":10,"250":10,"251":10,"252":10,"253":10,"254":10,"255":10,"256":10,"257":10,"258":10,"259":10,"260":10,"261":10,"262":10,"263":10,"264":10,"265":10,"266":10,"267":10,"268":10,"269":10,"270":10,"271":10,"272":10,"273":10,"274":9,"275":9,"276":9,"277":9,"278":9,"280":9,"281":9,"282":9,"283":9,"284":9,"285":9,"286":9,"287":9,"289":10,"290":9,"291":9,"292":9,"293":9,"294":9,"296":9,"297":9,"298":9,"299":9,"300":9,"301":9,"302":9,"303":9,"305":10,"306":10,"307":5,"308":5,"309":5,"310":22,"311":5,"314":5,"315":5,"316":5,"317":5,"318":5,"319":5,"320":5,"321":5,"322":5,"323":5,"324":5,"325":0,"326":0,"328":0,"329":0,"330":0,"331":0,"332":0,"333":0,"334":5,"335":5,"336":5,"337":5,"338":5,"339":5,"340":5,"341":5,"343":5,"344":5,"345":5,"346":5,"348":10,"349":10,"350":10,"351":10,"353":1},"branchMap":{"0":{"type":"branch","line":26,"loc":{"start":{"line":26,"column":17},"end":{"line":352,"column":1}},"locations":[{"start":{"line":26,"column":17},"end":{"line":352,"column":1}}]},"1":{"type":"branch","line":270,"loc":{"start":{"line":270,"column":25},"end":{"line":270,"column":77}},"locations":[{"start":{"line":270,"column":25},"end":{"line":270,"column":77}}]},"2":{"type":"branch","line":270,"loc":{"start":{"line":270,"column":70},"end":{"line":270,"column":118}},"locations":[{"start":{"line":270,"column":70},"end":{"line":270,"column":118}}]},"3":{"type":"branch","line":274,"loc":{"start":{"line":274,"column":23},"end":{"line":274,"column":65}},"locations":[{"start":{"line":274,"column":23},"end":{"line":274,"column":65}}]},"4":{"type":"branch","line":274,"loc":{"start":{"line":274,"column":55},"end":{"line":288,"column":37}},"locations":[{"start":{"line":274,"column":55},"end":{"line":288,"column":37}}]},"5":{"type":"branch","line":285,"loc":{"start":{"line":285,"column":47},"end":{"line":285,"column":70}},"locations":[{"start":{"line":285,"column":47},"end":{"line":285,"column":70}}]},"6":{"type":"branch","line":285,"loc":{"start":{"line":285,"column":60},"end":{"line":285,"column":77}},"locations":[{"start":{"line":285,"column":60},"end":{"line":285,"column":77}}]},"7":{"type":"branch","line":290,"loc":{"start":{"line":290,"column":41},"end":{"line":304,"column":33}},"locations":[{"start":{"line":290,"column":41},"end":{"line":304,"column":33}}]},"8":{"type":"branch","line":307,"loc":{"start":{"line":307,"column":27},"end":{"line":347,"column":29}},"locations":[{"start":{"line":307,"column":27},"end":{"line":347,"column":29}}]},"9":{"type":"branch","line":42,"loc":{"start":{"line":42,"column":14},"end":{"line":55,"column":7}},"locations":[{"start":{"line":42,"column":14},"end":{"line":55,"column":7}}]},"10":{"type":"branch","line":43,"loc":{"start":{"line":43,"column":20},"end":{"line":47,"column":14}},"locations":[{"start":{"line":43,"column":20},"end":{"line":47,"column":14}}]},"11":{"type":"branch","line":47,"loc":{"start":{"line":47,"column":8},"end":{"line":50,"column":9}},"locations":[{"start":{"line":47,"column":8},"end":{"line":50,"column":9}}]},"12":{"type":"branch","line":51,"loc":{"start":{"line":51,"column":15},"end":{"line":54,"column":10}},"locations":[{"start":{"line":51,"column":15},"end":{"line":54,"column":10}}]},"13":{"type":"branch","line":61,"loc":{"start":{"line":61,"column":14},"end":{"line":80,"column":7}},"locations":[{"start":{"line":61,"column":14},"end":{"line":80,"column":7}}]},"14":{"type":"branch","line":68,"loc":{"start":{"line":68,"column":15},"end":{"line":76,"column":9}},"locations":[{"start":{"line":68,"column":15},"end":{"line":76,"column":9}}]},"15":{"type":"branch","line":69,"loc":{"start":{"line":69,"column":41},"end":{"line":71,"column":13}},"locations":[{"start":{"line":69,"column":41},"end":{"line":71,"column":13}}]},"16":{"type":"branch","line":76,"loc":{"start":{"line":76,"column":18},"end":{"line":78,"column":9}},"locations":[{"start":{"line":76,"column":18},"end":{"line":78,"column":9}}]},"17":{"type":"branch","line":94,"loc":{"start":{"line":94,"column":23},"end":{"line":126,"column":6}},"locations":[{"start":{"line":94,"column":23},"end":{"line":126,"column":6}}]},"18":{"type":"branch","line":95,"loc":{"start":{"line":95,"column":29},"end":{"line":98,"column":9}},"locations":[{"start":{"line":95,"column":29},"end":{"line":98,"column":9}}]},"19":{"type":"branch","line":120,"loc":{"start":{"line":120,"column":12},"end":{"line":122,"column":13}},"locations":[{"start":{"line":120,"column":12},"end":{"line":122,"column":13}}]},"20":{"type":"branch","line":123,"loc":{"start":{"line":123,"column":8},"end":{"line":125,"column":9}},"locations":[{"start":{"line":123,"column":8},"end":{"line":125,"column":9}}]},"21":{"type":"branch","line":119,"loc":{"start":{"line":119,"column":27},"end":{"line":119,"column":75}},"locations":[{"start":{"line":119,"column":27},"end":{"line":119,"column":75}}]},"22":{"type":"branch","line":132,"loc":{"start":{"line":132,"column":25},"end":{"line":175,"column":6}},"locations":[{"start":{"line":132,"column":25},"end":{"line":175,"column":6}}]},"23":{"type":"branch","line":137,"loc":{"start":{"line":137,"column":21},"end":{"line":173,"column":9}},"locations":[{"start":{"line":137,"column":21},"end":{"line":173,"column":9}}]},"24":{"type":"branch","line":147,"loc":{"start":{"line":147,"column":73},"end":{"line":161,"column":17}},"locations":[{"start":{"line":147,"column":73},"end":{"line":161,"column":17}}]},"25":{"type":"branch","line":164,"loc":{"start":{"line":164,"column":54},"end":{"line":168,"column":17}},"locations":[{"start":{"line":164,"column":54},"end":{"line":168,"column":17}}]},"26":{"type":"branch","line":169,"loc":{"start":{"line":169,"column":12},"end":{"line":172,"column":13}},"locations":[{"start":{"line":169,"column":12},"end":{"line":172,"column":13}}]},"27":{"type":"branch","line":149,"loc":{"start":{"line":149,"column":56},"end":{"line":158,"column":22}},"locations":[{"start":{"line":149,"column":56},"end":{"line":158,"column":22}}]},"28":{"type":"branch","line":269,"loc":{"start":{"line":269,"column":66},"end":{"line":269,"column":92}},"locations":[{"start":{"line":269,"column":66},"end":{"line":269,"column":92}}]},"29":{"type":"branch","line":310,"loc":{"start":{"line":310,"column":37},"end":{"line":311,"column":216}},"locations":[{"start":{"line":310,"column":37},"end":{"line":311,"column":216}}]},"30":{"type":"branch","line":324,"loc":{"start":{"line":324,"column":46},"end":{"line":324,"column":80}},"locations":[{"start":{"line":324,"column":46},"end":{"line":324,"column":80}}]}},"b":{"0":[10],"1":[5],"2":[5],"3":[9],"4":[9],"5":[1],"6":[8],"7":[9],"8":[5],"9":[7],"10":[2],"11":[5],"12":[7],"13":[5],"14":[4],"15":[0],"16":[1],"17":[1],"18":[0],"19":[0],"20":[0],"21":[1],"22":[2],"23":[4],"24":[2],"25":[2],"26":[0],"27":[21],"28":[2],"29":[22],"30":[1]},"fnMap":{"0":{"name":"Question","decl":{"start":{"line":26,"column":17},"end":{"line":352,"column":1}},"loc":{"start":{"line":26,"column":17},"end":{"line":352,"column":1}},"line":26},"1":{"name":"handleDeleteAnswer","decl":{"start":{"line":86,"column":31},"end":{"line":88,"column":6}},"loc":{"start":{"line":86,"column":31},"end":{"line":88,"column":6}},"line":86},"2":{"name":"postAnswer","decl":{"start":{"line":94,"column":23},"end":{"line":126,"column":6}},"loc":{"start":{"line":94,"column":23},"end":{"line":126,"column":6}},"line":94},"3":{"name":"fetchAnswers","decl":{"start":{"line":132,"column":25},"end":{"line":175,"column":6}},"loc":{"start":{"line":132,"column":25},"end":{"line":175,"column":6}},"line":132},"4":{"name":"deleteQuestion","decl":{"start":{"line":183,"column":27},"end":{"line":205,"column":5}},"loc":{"start":{"line":183,"column":27},"end":{"line":205,"column":5}},"line":183},"5":{"name":"toggleAnswered","decl":{"start":{"line":214,"column":27},"end":{"line":238,"column":6}},"loc":{"start":{"line":214,"column":27},"end":{"line":238,"column":6}},"line":214},"6":{"name":"onClick","decl":{"start":{"line":269,"column":66},"end":{"line":269,"column":92}},"loc":{"start":{"line":269,"column":66},"end":{"line":269,"column":92}},"line":269},"7":{"name":"onClick","decl":{"start":{"line":279,"column":37},"end":{"line":279,"column":62}},"loc":{"start":{"line":279,"column":37},"end":{"line":279,"column":62}},"line":279},"8":{"name":"onClick","decl":{"start":{"line":295,"column":37},"end":{"line":295,"column":62}},"loc":{"start":{"line":295,"column":37},"end":{"line":295,"column":62}},"line":295},"9":{"name":"onChange","decl":{"start":{"line":324,"column":46},"end":{"line":324,"column":80}},"loc":{"start":{"line":324,"column":46},"end":{"line":324,"column":80}},"line":324},"10":{"name":"onKeyDown","decl":{"start":{"line":325,"column":47},"end":{"line":334,"column":38}},"loc":{"start":{"line":325,"column":47},"end":{"line":334,"column":38}},"line":325}},"f":{"0":10,"1":0,"2":1,"3":2,"4":0,"5":0,"6":2,"7":0,"8":0,"9":1,"10":0}}
,"C:\\Users\\schwa\\Documents\\Repositories\\Ro-Co\\frontend\\src\\page\\Dashboard.jsx": {"path":"C:\\Users\\schwa\\Documents\\Repositories\\Ro-Co\\frontend\\src\\page\\Dashboard.jsx","all":false,"statementMap":{"0":{"start":{"line":1,"column":0},"end":{"line":1,"column":49}},"1":{"start":{"line":2,"column":0},"end":{"line":2,"column":46}},"2":{"start":{"line":3,"column":0},"end":{"line":3,"column":33}},"3":{"start":{"line":4,"column":0},"end":{"line":4,"column":40}},"4":{"start":{"line":5,"column":0},"end":{"line":5,"column":46}},"5":{"start":{"line":6,"column":0},"end":{"line":6,"column":50}},"6":{"start":{"line":7,"column":0},"end":{"line":7,"column":48}},"7":{"start":{"line":8,"column":0},"end":{"line":8,"column":54}},"8":{"start":{"line":9,"column":0},"end":{"line":9,"column":36}},"9":{"start":{"line":10,"column":0},"end":{"line":10,"column":56}},"10":{"start":{"line":11,"column":0},"end":{"line":11,"column":45}},"11":{"start":{"line":12,"column":0},"end":{"line":12,"column":57}},"12":{"start":{"line":13,"column":0},"end":{"line":13,"column":63}},"13":{"start":{"line":14,"column":0},"end":{"line":14,"column":55}},"14":{"start":{"line":15,"column":0},"end":{"line":15,"column":31}},"17":{"start":{"line":18,"column":0},"end":{"line":18,"column":25}},"18":{"start":{"line":19,"column":0},"end":{"line":19,"column":35}},"19":{"start":{"line":20,"column":0},"end":{"line":20,"column":33}},"20":{"start":{"line":21,"column":0},"end":{"line":21,"column":39}},"21":{"start":{"line":22,"column":0},"end":{"line":22,"column":51}},"26":{"start":{"line":27,"column":0},"end":{"line":27,"column":21}},"27":{"start":{"line":28,"column":0},"end":{"line":28,"column":25}},"28":{"start":{"line":29,"column":0},"end":{"line":29,"column":46}},"29":{"start":{"line":30,"column":0},"end":{"line":30,"column":29}},"30":{"start":{"line":31,"column":0},"end":{"line":31,"column":18}},"31":{"start":{"line":32,"column":0},"end":{"line":32,"column":22}},"32":{"start":{"line":33,"column":0},"end":{"line":33,"column":38}},"33":{"start":{"line":34,"column":0},"end":{"line":34,"column":10}},"34":{"start":{"line":35,"column":0},"end":{"line":35,"column":11}},"41":{"start":{"line":42,"column":0},"end":{"line":42,"column":54}},"42":{"start":{"line":43,"column":0},"end":{"line":43,"column":25}},"43":{"start":{"line":44,"column":0},"end":{"line":44,"column":6}},"49":{"start":{"line":50,"column":0},"end":{"line":50,"column":50}},"50":{"start":{"line":51,"column":0},"end":{"line":51,"column":25}},"51":{"start":{"line":52,"column":0},"end":{"line":52,"column":6}},"58":{"start":{"line":59,"column":0},"end":{"line":59,"column":40}},"59":{"start":{"line":60,"column":0},"end":{"line":60,"column":22}},"60":{"start":{"line":61,"column":0},"end":{"line":61,"column":23}},"62":{"start":{"line":63,"column":0},"end":{"line":63,"column":13}},"63":{"start":{"line":64,"column":0},"end":{"line":64,"column":40}},"64":{"start":{"line":65,"column":0},"end":{"line":65,"column":46}},"65":{"start":{"line":66,"column":0},"end":{"line":66,"column":49}},"66":{"start":{"line":67,"column":0},"end":{"line":67,"column":59}},"67":{"start":{"line":68,"column":0},"end":{"line":68,"column":21}},"68":{"start":{"line":69,"column":0},"end":{"line":69,"column":100}},"69":{"start":{"line":70,"column":0},"end":{"line":70,"column":45}},"70":{"start":{"line":71,"column":0},"end":{"line":71,"column":21}},"71":{"start":{"line":72,"column":0},"end":{"line":72,"column":18}},"73":{"start":{"line":74,"column":0},"end":{"line":74,"column":45}},"74":{"start":{"line":75,"column":0},"end":{"line":75,"column":72}},"75":{"start":{"line":76,"column":0},"end":{"line":76,"column":17}},"76":{"start":{"line":77,"column":0},"end":{"line":77,"column":69}},"77":{"start":{"line":78,"column":0},"end":{"line":78,"column":41}},"78":{"start":{"line":79,"column":0},"end":{"line":79,"column":36}},"79":{"start":{"line":80,"column":0},"end":{"line":80,"column":42}},"80":{"start":{"line":81,"column":0},"end":{"line":81,"column":54}},"81":{"start":{"line":82,"column":0},"end":{"line":82,"column":50}},"82":{"start":{"line":83,"column":0},"end":{"line":83,"column":48}},"83":{"start":{"line":84,"column":0},"end":{"line":84,"column":29}},"84":{"start":{"line":85,"column":0},"end":{"line":85,"column":47}},"85":{"start":{"line":86,"column":0},"end":{"line":86,"column":59}},"86":{"start":{"line":87,"column":0},"end":{"line":87,"column":21}},"87":{"start":{"line":88,"column":0},"end":{"line":88,"column":20}},"88":{"start":{"line":89,"column":0},"end":{"line":89,"column":78}},"89":{"start":{"line":90,"column":0},"end":{"line":90,"column":13}},"91":{"start":{"line":92,"column":0},"end":{"line":92,"column":139}},"92":{"start":{"line":93,"column":0},"end":{"line":93,"column":25}},"93":{"start":{"line":94,"column":0},"end":{"line":94,"column":66}},"94":{"start":{"line":95,"column":0},"end":{"line":95,"column":9}},"95":{"start":{"line":96,"column":0},"end":{"line":96,"column":6}},"98":{"start":{"line":99,"column":0},"end":{"line":99,"column":12}},"99":{"start":{"line":100,"column":0},"end":{"line":100,"column":10}},"100":{"start":{"line":101,"column":0},"end":{"line":101,"column":27}},"101":{"start":{"line":102,"column":0},"end":{"line":102,"column":59}},"102":{"start":{"line":103,"column":0},"end":{"line":103,"column":59}},"103":{"start":{"line":104,"column":0},"end":{"line":104,"column":42}},"104":{"start":{"line":105,"column":0},"end":{"line":105,"column":252}},"105":{"start":{"line":106,"column":0},"end":{"line":106,"column":23}},"106":{"start":{"line":107,"column":0},"end":{"line":107,"column":125}},"107":{"start":{"line":108,"column":0},"end":{"line":108,"column":33}},"108":{"start":{"line":109,"column":0},"end":{"line":109,"column":11}},"110":{"start":{"line":111,"column":0},"end":{"line":111,"column":2}},"112":{"start":{"line":113,"column":0},"end":{"line":113,"column":25}}},"s":{"0":1,"1":1,"2":1,"3":1,"4":1,"5":1,"6":1,"7":1,"8":1,"9":1,"10":1,"11":1,"12":1,"13":1,"14":1,"17":1,"18":2,"19":2,"20":2,"21":2,"26":2,"27":1,"28":1,"29":0,"30":1,"31":1,"32":1,"33":1,"34":2,"41":2,"42":0,"43":0,"49":2,"50":0,"51":0,"58":2,"59":1,"60":1,"62":1,"63":1,"64":1,"65":11,"66":11,"67":11,"68":11,"69":11,"70":11,"71":11,"73":11,"74":0,"75":0,"76":11,"77":21,"78":21,"79":21,"80":21,"81":21,"82":21,"83":21,"84":21,"85":21,"86":21,"87":11,"88":11,"89":11,"91":11,"92":1,"93":0,"94":0,"95":1,"98":2,"99":2,"100":2,"101":2,"102":2,"103":2,"104":21,"105":2,"106":2,"107":2,"108":2,"110":2,"112":1},"branchMap":{"0":{"type":"branch","line":18,"loc":{"start":{"line":18,"column":18},"end":{"line":111,"column":2}},"locations":[{"start":{"line":18,"column":18},"end":{"line":111,"column":2}}]},"1":{"type":"branch","line":107,"loc":{"start":{"line":107,"column":42},"end":{"line":107,"column":125}},"locations":[{"start":{"line":107,"column":42},"end":{"line":107,"column":125}}]},"2":{"type":"branch","line":27,"loc":{"start":{"line":27,"column":14},"end":{"line":35,"column":7}},"locations":[{"start":{"line":27,"column":14},"end":{"line":35,"column":7}}]},"3":{"type":"branch","line":32,"loc":{"start":{"line":32,"column":15},"end":{"line":34,"column":10}},"locations":[{"start":{"line":32,"column":15},"end":{"line":34,"column":10}}]},"4":{"type":"branch","line":59,"loc":{"start":{"line":59,"column":27},"end":{"line":96,"column":6}},"locations":[{"start":{"line":59,"column":27},"end":{"line":96,"column":6}}]},"5":{"type":"branch","line":65,"loc":{"start":{"line":65,"column":45},"end":{"line":93,"column":17}},"locations":[{"start":{"line":65,"column":45},"end":{"line":93,"column":17}}]},"6":{"type":"branch","line":74,"loc":{"start":{"line":74,"column":44},"end":{"line":76,"column":17}},"locations":[{"start":{"line":74,"column":44},"end":{"line":76,"column":17}}]},"7":{"type":"branch","line":93,"loc":{"start":{"line":93,"column":8},"end":{"line":95,"column":9}},"locations":[{"start":{"line":93,"column":8},"end":{"line":95,"column":9}}]},"8":{"type":"branch","line":77,"loc":{"start":{"line":77,"column":55},"end":{"line":88,"column":18}},"locations":[{"start":{"line":77,"column":55},"end":{"line":88,"column":18}}]},"9":{"type":"branch","line":92,"loc":{"start":{"line":92,"column":53},"end":{"line":92,"column":108}},"locations":[{"start":{"line":92,"column":53},"end":{"line":92,"column":108}}]},"10":{"type":"branch","line":104,"loc":{"start":{"line":104,"column":27},"end":{"line":105,"column":252}},"locations":[{"start":{"line":104,"column":27},"end":{"line":105,"column":252}}]}},"b":{"0":[2],"1":[1],"2":[1],"3":[1],"4":[1],"5":[11],"6":[0],"7":[0],"8":[21],"9":[20],"10":[21]},"fnMap":{"0":{"name":"Dashboard","decl":{"start":{"line":18,"column":18},"end":{"line":111,"column":2}},"loc":{"start":{"line":18,"column":18},"end":{"line":111,"column":2}},"line":18},"1":{"name":"handleNewQuestion","decl":{"start":{"line":42,"column":30},"end":{"line":44,"column":6}},"loc":{"start":{"line":42,"column":30},"end":{"line":44,"column":6}},"line":42},"2":{"name":"handleDeleteQuestion","decl":{"start":{"line":50,"column":33},"end":{"line":52,"column":6}},"loc":{"start":{"line":50,"column":33},"end":{"line":52,"column":6}},"line":50},"3":{"name":"fetchQuestions","decl":{"start":{"line":59,"column":27},"end":{"line":96,"column":6}},"loc":{"start":{"line":59,"column":27},"end":{"line":96,"column":6}},"line":59}},"f":{"0":2,"1":0,"2":0,"3":1}}
,"C:\\Users\\schwa\\Documents\\Repositories\\Ro-Co\\frontend\\src\\page\\SignupForm.jsx": {"path":"C:\\Users\\schwa\\Documents\\Repositories\\Ro-Co\\frontend\\src\\page\\SignupForm.jsx","all":false,"statementMap":{"0":{"start":{"line":1,"column":0},"end":{"line":1,"column":57}},"1":{"start":{"line":2,"column":0},"end":{"line":2,"column":68}},"2":{"start":{"line":3,"column":0},"end":{"line":3,"column":55}},"3":{"start":{"line":4,"column":0},"end":{"line":4,"column":63}},"4":{"start":{"line":5,"column":0},"end":{"line":5,"column":65}},"5":{"start":{"line":6,"column":0},"end":{"line":6,"column":42}},"6":{"start":{"line":7,"column":0},"end":{"line":7,"column":35}},"7":{"start":{"line":8,"column":0},"end":{"line":8,"column":60}},"10":{"start":{"line":11,"column":0},"end":{"line":11,"column":31}},"11":{"start":{"line":12,"column":0},"end":{"line":12,"column":33}},"12":{"start":{"line":13,"column":0},"end":{"line":13,"column":73}},"13":{"start":{"line":14,"column":0},"end":{"line":14,"column":76}},"19":{"start":{"line":20,"column":0},"end":{"line":20,"column":26}},"20":{"start":{"line":21,"column":0},"end":{"line":21,"column":28}},"21":{"start":{"line":22,"column":0},"end":{"line":22,"column":33}},"22":{"start":{"line":23,"column":0},"end":{"line":23,"column":33}},"24":{"start":{"line":25,"column":0},"end":{"line":25,"column":53}},"26":{"start":{"line":27,"column":0},"end":{"line":27,"column":27}},"27":{"start":{"line":28,"column":0},"end":{"line":28,"column":50}},"29":{"start":{"line":30,"column":0},"end":{"line":30,"column":47}},"30":{"start":{"line":31,"column":0},"end":{"line":31,"column":72}},"32":{"start":{"line":33,"column":0},"end":{"line":33,"column":39}},"33":{"start":{"line":34,"column":0},"end":{"line":34,"column":52}},"35":{"start":{"line":36,"column":0},"end":{"line":36,"column":37}},"36":{"start":{"line":37,"column":0},"end":{"line":37,"column":50}},"38":{"start":{"line":39,"column":0},"end":{"line":39,"column":47}},"39":{"start":{"line":40,"column":0},"end":{"line":40,"column":54}},"41":{"start":{"line":42,"column":0},"end":{"line":42,"column":43}},"46":{"start":{"line":47,"column":0},"end":{"line":47,"column":19}},"47":{"start":{"line":48,"column":0},"end":{"line":48,"column":28}},"48":{"start":{"line":49,"column":0},"end":{"line":49,"column":8}},"53":{"start":{"line":54,"column":0},"end":{"line":54,"column":19}},"54":{"start":{"line":55,"column":0},"end":{"line":55,"column":29}},"55":{"start":{"line":56,"column":0},"end":{"line":56,"column":19}},"56":{"start":{"line":57,"column":0},"end":{"line":57,"column":40}},"57":{"start":{"line":58,"column":0},"end":{"line":58,"column":36}},"58":{"start":{"line":59,"column":0},"end":{"line":59,"column":34}},"59":{"start":{"line":60,"column":0},"end":{"line":60,"column":5}},"61":{"start":{"line":62,"column":0},"end":{"line":62,"column":18}},"62":{"start":{"line":63,"column":0},"end":{"line":63,"column":26}},"63":{"start":{"line":64,"column":0},"end":{"line":64,"column":36}},"64":{"start":{"line":65,"column":0},"end":{"line":65,"column":7}},"65":{"start":{"line":66,"column":0},"end":{"line":66,"column":6}},"66":{"start":{"line":67,"column":0},"end":{"line":67,"column":17}},"71":{"start":{"line":72,"column":0},"end":{"line":72,"column":19}},"72":{"start":{"line":73,"column":0},"end":{"line":73,"column":41}},"73":{"start":{"line":74,"column":0},"end":{"line":74,"column":12}},"78":{"start":{"line":79,"column":0},"end":{"line":79,"column":19}},"79":{"start":{"line":80,"column":0},"end":{"line":80,"column":37}},"80":{"start":{"line":81,"column":0},"end":{"line":81,"column":36}},"81":{"start":{"line":82,"column":0},"end":{"line":82,"column":21}},"86":{"start":{"line":87,"column":0},"end":{"line":87,"column":19}},"87":{"start":{"line":88,"column":0},"end":{"line":88,"column":18}},"88":{"start":{"line":89,"column":0},"end":{"line":89,"column":27}},"95":{"start":{"line":96,"column":0},"end":{"line":96,"column":49}},"96":{"start":{"line":97,"column":0},"end":{"line":97,"column":30}},"97":{"start":{"line":98,"column":0},"end":{"line":98,"column":36}},"98":{"start":{"line":99,"column":0},"end":{"line":99,"column":13}},"99":{"start":{"line":100,"column":0},"end":{"line":100,"column":5}},"100":{"start":{"line":101,"column":0},"end":{"line":101,"column":9}},"101":{"start":{"line":102,"column":0},"end":{"line":102,"column":67}},"102":{"start":{"line":103,"column":0},"end":{"line":103,"column":39}},"103":{"start":{"line":104,"column":0},"end":{"line":104,"column":9}},"105":{"start":{"line":106,"column":0},"end":{"line":106,"column":27}},"106":{"start":{"line":107,"column":0},"end":{"line":107,"column":37}},"107":{"start":{"line":108,"column":0},"end":{"line":108,"column":7}},"108":{"start":{"line":109,"column":0},"end":{"line":109,"column":28}},"109":{"start":{"line":110,"column":0},"end":{"line":110,"column":37}},"110":{"start":{"line":111,"column":0},"end":{"line":111,"column":38}},"111":{"start":{"line":112,"column":0},"end":{"line":112,"column":14}},"112":{"start":{"line"
[...]
79,"column":47},"end":{"line":279,"column":64}},"locations":[{"start":{"line":279,"column":47},"end":{"line":279,"column":64}}]},"17":{"type":"branch","line":282,"loc":{"start":{"line":282,"column":34},"end":{"line":282,"column":64}},"locations":[{"start":{"line":282,"column":34},"end":{"line":282,"column":64}}]},"18":{"type":"branch","line":282,"loc":{"start":{"line":282,"column":60},"end":{"line":282,"column":82}},"locations":[{"start":{"line":282,"column":60},"end":{"line":282,"column":82}}]},"19":{"type":"branch","line":282,"loc":{"start":{"line":282,"column":64},"end":{"line":282,"column":146}},"locations":[{"start":{"line":282,"column":64},"end":{"line":282,"column":146}}]},"20":{"type":"branch","line":282,"loc":{"start":{"line":282,"column":82},"end":{"line":282,"column":119}},"locations":[{"start":{"line":282,"column":82},"end":{"line":282,"column":119}}]},"21":{"type":"branch","line":282,"loc":{"start":{"line":282,"column":93},"end":{"line":282,"column":146}},"locations":[{"start":{"line":282,"column":93},"end":{"line":282,"column":146}}]},"22":{"type":"branch","line":284,"loc":{"start":{"line":284,"column":21},"end":{"line":284,"column":51}},"locations":[{"start":{"line":284,"column":21},"end":{"line":284,"column":51}}]},"23":{"type":"branch","line":284,"loc":{"start":{"line":284,"column":46},"end":{"line":284,"column":64}},"locations":[{"start":{"line":284,"column":46},"end":{"line":284,"column":64}}]},"24":{"type":"branch","line":284,"loc":{"start":{"line":284,"column":51},"end":{"line":289,"column":28}},"locations":[{"start":{"line":284,"column":51},"end":{"line":289,"column":28}}]},"25":{"type":"branch","line":292,"loc":{"start":{"line":292,"column":19},"end":{"line":313,"column":27}},"locations":[{"start":{"line":292,"column":19},"end":{"line":313,"column":27}}]},"26":{"type":"branch","line":303,"loc":{"start":{"line":303,"column":44},"end":{"line":303,"column":67}},"locations":[{"start":{"line":303,"column":44},"end":{"line":303,"column":67}}]},"27":{"type":"branch","line":303,"loc":{"start":{"line":303,"column":57},"end":{"line":303,"column":74}},"locations":[{"start":{"line":303,"column":57},"end":{"line":303,"column":74}}]},"28":{"type":"branch","line":305,"loc":{"start":{"line":305,"column":41},"end":{"line":305,"column":80}},"locations":[{"start":{"line":305,"column":41},"end":{"line":305,"column":80}}]},"29":{"type":"branch","line":305,"loc":{"start":{"line":305,"column":54},"end":{"line":305,"column":106}},"locations":[{"start":{"line":305,"column":54},"end":{"line":305,"column":106}}]},"30":{"type":"branch","line":308,"loc":{"start":{"line":308,"column":28},"end":{"line":311,"column":36}},"locations":[{"start":{"line":308,"column":28},"end":{"line":311,"column":36}}]},"31":{"type":"branch","line":316,"loc":{"start":{"line":316,"column":76},"end":{"line":316,"column":103}},"locations":[{"start":{"line":316,"column":76},"end":{"line":316,"column":103}}]},"32":{"type":"branch","line":316,"loc":{"start":{"line":316,"column":90},"end":{"line":316,"column":129}},"locations":[{"start":{"line":316,"column":90},"end":{"line":316,"column":129}}]},"33":{"type":"branch","line":316,"loc":{"start":{"line":316,"column":103},"end":{"line":316,"column":129}},"locations":[{"start":{"line":316,"column":103},"end":{"line":316,"column":129}}]},"34":{"type":"branch","line":317,"loc":{"start":{"line":317,"column":23},"end":{"line":317,"column":46}},"locations":[{"start":{"line":317,"column":23},"end":{"line":317,"column":46}}]},"35":{"type":"branch","line":317,"loc":{"start":{"line":317,"column":34},"end":{"line":317,"column":54}},"locations":[{"start":{"line":317,"column":34},"end":{"line":317,"column":54}}]},"36":{"type":"branch","line":322,"loc":{"start":{"line":322,"column":19},"end":{"line":322,"column":64}},"locations":[{"start":{"line":322,"column":19},"end":{"line":322,"column":64}}]},"37":{"type":"branch","line":322,"loc":{"start":{"line":322,"column":30},"end":{"line":322,"column":84}},"locations":[{"start":{"line":322,"column":30},"end":{"line":322,"column":84}}]},"38":{"type":"branch","line":325,"loc":{"start":{"line":325,"column":29},"end":{"line":325,"column":53}},"locations":[{"start":{"line":325,"column":29},"end":{"line":325,"column":53}}]},"39":{"type":"branch","line":47,"loc":{"start":{"line":47,"column":12},"end":{"line":49,"column":5}},"locations":[{"start":{"line":47,"column":12},"end":{"line":49,"column":5}}]},"40":{"type":"branch","line":54,"loc":{"start":{"line":54,"column":12},"end":{"line":67,"column":5}},"locations":[{"start":{"line":54,"column":12},"end":{"line":67,"column":5}}]},"41":{"type":"branch","line":56,"loc":{"start":{"line":56,"column":18},"end":{"line":60,"column":5}},"locations":[{"start":{"line":56,"column":18},"end":{"line":60,"column":5}}]},"42":{"type":"branch","line":62,"loc":{"start":{"line":62,"column":11},"end":{"line":66,"column":6}},"locations":[{"start":{"line":62,"column":11},"end":{"line":66,"column":6}}]},"43":{"type":"branch","line":63,"loc":{"start":{"line":63,"column":25},"end":{"line":65,"column":7}},"locations":[{"start":{"line":63,"column":25},"end":{"line":65,"column":7}}]},"44":{"type":"branch","line":72,"loc":{"start":{"line":72,"column":12},"end":{"line":74,"column":5}},"locations":[{"start":{"line":72,"column":12},"end":{"line":74,"column":5}}]},"45":{"type":"branch","line":79,"loc":{"start":{"line":79,"column":12},"end":{"line":82,"column":5}},"locations":[{"start":{"line":79,"column":12},"end":{"line":82,"column":5}}]},"46":{"type":"branch","line":87,"loc":{"start":{"line":87,"column":12},"end":{"line":89,"column":5}},"locations":[{"start":{"line":87,"column":12},"end":{"line":89,"column":5}}]},"47":{"type":"branch","line":124,"loc":{"start":{"line":124,"column":23},"end":{"line":208,"column":3}},"locations":[{"start":{"line":124,"column":23},"end":{"line":208,"column":3}}]},"48":{"type":"branch","line":129,"loc":{"start":{"line":129,"column":20},"end":{"line":132,"column":5}},"locations":[{"start":{"line":129,"column":20},"end":{"line":132,"column":5}}]},"49":{"type":"branch","line":137,"loc":{"start":{"line":137,"column":20},"end":{"line":150,"column":7}},"locations":[{"start":{"line":137,"column":20},"end":{"line":150,"column":7}}]},"50":{"type":"branch","line":184,"loc":{"start":{"line":184,"column":9},"end":{"line":187,"column":7}},"locations":[{"start":{"line":184,"column":9},"end":{"line":187,"column":7}}]},"51":{"type":"branch","line":194,"loc":{"start":{"line":194,"column":4},"end":{"line":206,"column":5}},"locations":[{"start":{"line":194,"column":4},"end":{"line":206,"column":5}}]},"52":{"type":"branch","line":213,"loc":{"start":{"line":213,"column":23},"end":{"line":215,"column":3}},"locations":[{"start":{"line":213,"column":23},"end":{"line":215,"column":3}}]},"53":{"type":"branch","line":233,"loc":{"start":{"line":233,"column":40},"end":{"line":233,"column":75}},"locations":[{"start":{"line":233,"column":40},"end":{"line":233,"column":75}}]},"54":{"type":"branch","line":260,"loc":{"start":{"line":260,"column":32},"end":{"line":260,"column":63}},"locations":[{"start":{"line":260,"column":32},"end":{"line":260,"column":63}}]},"55":{"type":"branch","line":276,"loc":{"start":{"line":276,"column":32},"end":{"line":276,"column":62}},"locations":[{"start":{"line":276,"column":32},"end":{"line":276,"column":62}}]},"56":{"type":"branch","line":300,"loc":{"start":{"line":300,"column":40},"end":{"line":300,"column":75}},"locations":[{"start":{"line":300,"column":40},"end":{"line":300,"column":75}}]}},"b":{"0":[37],"1":[0],"2":[20],"3":[17],"4":[20],"5":[10],"6":[10],"7":[0],"8":[10],"9":[10],"10":[27],"11":[21],"12":[16],"13":[8],"14":[8],"15":[6],"16":[31],"17":[20],"18":[29],"19":[8],"20":[3],"21":[5],"22":[31],"23":[6],"24":[5],"25":[20],"26":[15],"27":[5],"28":[15],"29":[5],"30":[5],"31":[10],"32":[6],"33":[4],"34":[20],"35":[17],"36":[20],"37":[17],"38":[0],"39":[5],"40":[7],"41":[2],"42":[7],"43":[2],"44":[10],"45":[12],"46":[15],"47":[2],"48":[0],"49":[1],"50":[0],"51":[0],"52":[5],"53":[2],"54":[3],"55":[3],"56":[2]},"fnMap":{"0":{"name":"SignupForm","decl":{"start":{"line":20,"column":19},"end":{"line":332,"column":2}},"loc":{"start":{"line":20,"column":19},"end":{"line":332,"column":2}},"line":20},"1":{"name":"checkUsernameAvailability","decl":{"start":{"line":96,"column":36},"end":{"line":116,"column":4}},"loc":{"start":{"line":96,"column":36},"end":{"line":116,"column":4}},"line":96},"2":{"name":"handleSubmit","decl":{"start":{"line":124,"column":23},"end":{"line":208,"column":3}},"loc":{"start":{"line":124,"column":23},"end":{"line":208,"column":3}},"line":124},"3":{"name":"toggleSignUp","decl":{"start":{"line":213,"column":23},"end":{"line":215,"column":3}},"loc":{"start":{"line":213,"column":23},"end":{"line":215,"column":3}},"line":213},"4":{"name":"onChange","decl":{"start":{"line":233,"column":40},"end":{"line":233,"column":75}},"loc":{"start":{"line":233,"column":40},"end":{"line":233,"column":75}},"line":233},"5":{"name":"onChange","decl":{"start":{"line":260,"column":32},"end":{"line":260,"column":63}},"loc":{"start":{"line":260,"column":32},"end":{"line":260,"column":63}},"line":260},"6":{"name":"onChange","decl":{"start":{"line":276,"column":32},"end":{"line":276,"column":62}},"loc":{"start":{"line":276,"column":32},"end":{"line":276,"column":62}},"line":276},"7":{"name":"onChange","decl":{"start":{"line":300,"column":40},"end":{"line":300,"column":75}},"loc":{"start":{"line":300,"column":40},"end":{"line":300,"column":75}},"line":300}},"f":{"0":37,"1":0,"2":2,"3":5,"4":2,"5":3,"6":3,"7":2}}
,"C:\\Users\\schwa\\Documents\\Repositories\\Ro-Co\\frontend\\src\\util\\ErrorHandler.jsx": {"path":"C:\\Users\\schwa\\Documents\\Repositories\\Ro-Co\\frontend\\src\\util\\ErrorHandler.jsx","all":false,"statementMap":{"0":{"start":{"line":1,"column":0},"end":{"line":1,"column":35}},"1":{"start":{"line":2,"column":0},"end":{"line":2,"column":45}},"10":{"start":{"line":11,"column":0},"end":{"line":11,"column":72}},"11":{"start":{"line":12,"column":0},"end":{"line":12,"column":50}},"12":{"start":{"line":13,"column":0},"end":{"line":13,"column":32}},"13":{"start":{"line":14,"column":0},"end":{"line":14,"column":5}},"15":{"start":{"line":16,"column":0},"end":{"line":16,"column":29}},"16":{"start":{"line":17,"column":0},"end":{"line":17,"column":20}},"17":{"start":{"line":18,"column":0},"end":{"line":18,"column":23}},"18":{"start":{"line":19,"column":0},"end":{"line":19,"column":31}},"19":{"start":{"line":20,"column":0},"end":{"line":20,"column":17}},"20":{"start":{"line":21,"column":0},"end":{"line":21,"column":39}},"21":{"start":{"line":22,"column":0},"end":{"line":22,"column":18}},"22":{"start":{"line":23,"column":0},"end":{"line":23,"column":17}},"23":{"start":{"line":24,"column":0},"end":{"line":24,"column":95}},"24":{"start":{"line":25,"column":0},"end":{"line":25,"column":42}},"25":{"start":{"line":26,"column":0},"end":{"line":26,"column":47}},"26":{"start":{"line":27,"column":0},"end":{"line":27,"column":17}},"27":{"start":{"line":28,"column":0},"end":{"line":28,"column":32}},"28":{"start":{"line":29,"column":0},"end":{"line":29,"column":60}},"29":{"start":{"line":30,"column":0},"end":{"line":30,"column":15}},"30":{"start":{"line":31,"column":0},"end":{"line":31,"column":9}},"31":{"start":{"line":32,"column":0},"end":{"line":32,"column":18}},"32":{"start":{"line":33,"column":0},"end":{"line":33,"column":44}},"33":{"start":{"line":34,"column":0},"end":{"line":34,"column":2}},"35":{"start":{"line":36,"column":0},"end":{"line":36,"column":33}}},"s":{"0":1,"1":1,"10":1,"11":2,"12":2,"13":2,"15":2,"16":2,"17":2,"18":2,"19":2,"20":2,"21":2,"22":2,"23":2,"24":2,"25":2,"26":2,"27":2,"28":1,"29":2,"30":2,"31":2,"32":2,"33":2,"35":1},"branchMap":{"0":{"type":"branch","line":11,"loc":{"start":{"line":11,"column":26},"end":{"line":34,"column":2}},"locations":[{"start":{"line":11,"column":26},"end":{"line":34,"column":2}}]},"1":{"type":"branch","line":28,"loc":{"start":{"line":28,"column":20},"end":{"line":30,"column":13}},"locations":[{"start":{"line":28,"column":20},"end":{"line":30,"column":13}}]}},"b":{"0":[2],"1":[1]},"fnMap":{"0":{"name":"handleErrorLogout","decl":{"start":{"line":11,"column":26},"end":{"line":34,"column":2}},"loc":{"start":{"line":11,"column":26},"end":{"line":34,"column":2}},"line":11}},"f":{"0":2}}
,"C:\\Users\\schwa\\Documents\\Repositories\\Ro-Co\\frontend\\src\\util\\axios.js": {"path":"C:\\Users\\schwa\\Documents\\Repositories\\Ro-Co\\frontend\\src\\util\\axios.js","all":false,"statementMap":{"0":{"start":{"line":1,"column":0},"end":{"line":1,"column":49}},"2":{"start":{"line":3,"column":0},"end":{"line":3,"column":29}},"3":{"start":{"line":4,"column":0},"end":{"line":4,"column":30}},"4":{"start":{"line":5,"column":0},"end":{"line":5,"column":23}},"5":{"start":{"line":6,"column":0},"end":{"line":6,"column":14}},"6":{"start":{"line":7,"column":0},"end":{"line":7,"column":42}},"7":{"start":{"line":8,"column":0},"end":{"line":8,"column":5}},"8":{"start":{"line":9,"column":0},"end":{"line":9,"column":2}}},"s":{"0":1,"2":1,"3":1,"4":1,"5":1,"6":1,"7":1,"8":1},"branchMap":{},"b":{},"fnMap":{},"f":{}}
,"C:\\Users\\schwa\\Documents\\Repositories\\Ro-Co\\frontend\\src\\util\\time.js": {"path":"C:\\Users\\schwa\\Documents\\Repositories\\Ro-Co\\frontend\\src\\util\\time.js","all":false,"statementMap":{"0":{"start":{"line":1,"column":0},"end":{"line":1,"column":3}},"1":{"start":{"line":2,"column":0},"end":{"line":2,"column":131}},"2":{"start":{"line":3,"column":0},"end":{"line":3,"column":51}},"3":{"start":{"line":4,"column":0},"end":{"line":4,"column":72}},"4":{"start":{"line":5,"column":0},"end":{"line":5,"column":3}},"5":{"start":{"line":6,"column":0},"end":{"line":6,"column":36}},"6":{"start":{"line":7,"column":0},"end":{"line":7,"column":0}},"7":{"start":{"line":8,"column":0},"end":{"line":8,"column":27}},"8":{"start":{"line":9,"column":0},"end":{"line":9,"column":44}},"9":{"start":{"line":10,"column":0},"end":{"line":10,"column":8}},"10":{"start":{"line":11,"column":0},"end":{"line":11,"column":39}},"11":{"start":{"line":12,"column":0},"end":{"line":12,"column":74}},"12":{"start":{"line":13,"column":0},"end":{"line":13,"column":53}},"13":{"start":{"line":14,"column":0},"end":{"line":14,"column":7}},"14":{"start":{"line":15,"column":0},"end":{"line":15,"column":61}},"15":{"start":{"line":16,"column":0},"end":{"line":16,"column":5}},"16":{"start":{"line":17,"column":0},"end":{"line":17,"column":100}},"17":{"start":{"line":18,"column":0},"end":{"line":18,"column":0}},"18":{"start":{"line":19,"column":0},"end":{"line":19,"column":29}},"19":{"start":{"line":20,"column":0},"end":{"line":20,"column":80}},"20":{"start":{"line":21,"column":0},"end":{"line":21,"column":38}},"21":{"start":{"line":22,"column":0},"end":{"line":22,"column":53}},"22":{"start":{"line":23,"column":0},"end":{"line":23,"column":60}},"23":{"start":{"line":24,"column":0},"end":{"line":24,"column":39}},"24":{"start":{"line":25,"column":0},"end":{"line":25,"column":54}},"25":{"start":{"line":26,"column":0},"end":{"line":26,"column":56}},"26":{"start":{"line":27,"column":0},"end":{"line":27,"column":40}},"27":{"start":{"line":28,"column":0},"end":{"line":28,"column":57}},"28":{"start":{"line":29,"column":0},"end":{"line":29,"column":64}},"29":{"start":{"line":30,"column":0},"end":{"line":30,"column":12}},"30":{"start":{"line":31,"column":0},"end":{"line":31,"column":57}},"31":{"start":{"line":32,"column":0},"end":{"line":32,"column":60}},"32":{"start":{"line":33,"column":0},"end":{"line":33,"column":5}},"33":{"start":{"line":34,"column":0},"end":{"line":34,"column":1}},"34":{"start":{"line":35,"column":0},"end":{"line":35,"column":0}},"35":{"start":{"line":36,"column":0},"end":{"line":36,"column":30}}},"s":{"0":1,"1":1,"2":1,"3":1,"4":1,"5":57,"6":57,"7":57,"8":57,"9":57,"10":57,"11":57,"12":57,"13":57,"14":7,"15":7,"16":50,"17":50,"18":57,"19":2,"20":57,"21":2,"22":2,"23":48,"24":2,"25":2,"26":46,"27":1,"28":1,"29":44,"30":43,"31":43,"32":43,"33":57,"34":1,"35":1},"branchMap":{"0":{"type":"branch","line":6,"loc":{"start":{"line":6,"column":0},"end":{"line":34,"column":1}},"locations":[{"start":{"line":6,"column":0},"end":{"line":34,"column":1}}]},"1":{"type":"branch","line":11,"loc":{"start":{"line":11,"column":37},"end":{"line":12,"column":41}},"locations":[{"start":{"line":11,"column":37},"end":{"line":12,"column":41}}]},"2":{"type":"branch","line":12,"loc":{"start":{"line":12,"column":42},"end":{"line":13,"column":25}},"locations":[{"start":{"line":12,"column":42},"end":{"line":13,"column":25}}]},"3":{"type":"branch","line":14,"loc":{"start":{"line":14,"column":6},"end":{"line":16,"column":5}},"locations":[{"start":{"line":14,"column":6},"end":{"line":16,"column":5}}]},"4":{"type":"branch","line":16,"loc":{"start":{"line":16,"column":4},"end":{"line":19,"column":28}},"locations":[{"start":{"line":16,"column":4},"end":{"line":19,"column":28}}]},"5":{"type":"branch","line":19,"loc":{"start":{"line":19,"column":28},"end":{"line":21,"column":5}},"locations":[{"start":{"line":19,"column":28},"end":{"line":21,"column":5}}]},"6":{"type":"branch","line":20,"loc":{"start":{"line":20,"column":55},"end":{"line":20,"column":65}},"locations":[{"start":{"line":20,"column":55},"end":{"line":20,"column":65}}]},"7":{"type":"branch","line":20,"loc":{"start":{"line":20,"column":66},"end":{"line":20,"column":77}},"locations":[{"start":{"line":20,"column":66},"end":{"line":20,"column":77}}]},"8":{"type":"branch","line":21,"loc":{"start":{"line":21,"column":5},"end":{"line":33,"column":5}},"locations":[{"start":{"line":21,"column":5},"end":{"line":33,"column":5}}]},"9":{"type":"branch","line":21,"loc":{"start":{"line":21,"column":37},"end":{"line":24,"column":5}},"locations":[{"start":{"line":21,"column":37},"end":{"line":24,"column":5}}]},"10":{"type":"branch","line":23,"loc":{"start":{"line":23,"column":39},"end":{"line":23,"column":47}},"locations":[{"start":{"line":23,"column":39},"end":{"line":23,"column":47}}]},"11":{"type":"branch","line":24,"loc":{"start":{"line":24,"column":5},"end":{"line":33,"column":5}},"locations":[{"start":{"line":24,"column":5},"end":{"line":33,"column":5}}]},"12":{"type":"branch","line":24,"loc":{"start":{"line":24,"column":38},"end":{"line":27,"column":5}},"locations":[{"start":{"line":24,"column":38},"end":{"line":27,"column":5}}]},"13":{"type":"branch","line":26,"loc":{"start":{"line":26,"column":37},"end":{"line":26,"column":44}},"locations":[{"start":{"line":26,"column":37},"end":{"line":26,"column":44}}]},"14":{"type":"branch","line":27,"loc":{"start":{"line":27,"column":5},"end":{"line":33,"column":5}},"locations":[{"start":{"line":27,"column":5},"end":{"line":33,"column":5}}]},"15":{"type":"branch","line":27,"loc":{"start":{"line":27,"column":39},"end":{"line":30,"column":5}},"locations":[{"start":{"line":27,"column":39},"end":{"line":30,"column":5}}]},"16":{"type":"branch","line":29,"loc":{"start":{"line":29,"column":41},"end":{"line":29,"column":50}},"locations":[{"start":{"line":29,"column":41},"end":{"line":29,"column":50}}]},"17":{"type":"branch","line":30,"loc":{"start":{"line":30,"column":5},"end":{"line":33,"column":5}},"locations":[{"start":{"line":30,"column":5},"end":{"line":33,"column":5}}]},"18":{"type":"branch","line":32,"loc":{"start":{"line":32,"column":39},"end":{"line":32,"column":47}},"locations":[{"start":{"line":32,"column":39},"end":{"line":32,"column":47}}]},"19":{"type":"branch","line":32,"loc":{"start":{"line":32,"column":48},"end":{"line":32,"column":57}},"locations":[{"start":{"line":32,"column":48},"end":{"line":32,"column":57}}]}},"b":{"0":[57],"1":[54],"2":[51],"3":[7],"4":[50],"5":[2],"6":[1],"7":[1],"8":[48],"9":[2],"10":[0],"11":[46],"12":[2],"13":[0],"14":[44],"15":[1],"16":[0],"17":[43],"18":[42],"19":[1]},"fnMap":{"0":{"name":"formatTimespan","decl":{"start":{"line":6,"column":0},"end":{"line":34,"column":1}},"loc":{"start":{"line":6,"column":0},"end":{"line":34,"column":1}},"line":6}},"f":{"0":57}}
}
